{"meta": {"format": 3, "version": "7.9.2", "timestamp": "2025-07-17T20:23:10.789890", "branch_coverage": false, "show_contexts": false}, "files": {"src/__init__.py": {"executed_lines": [1, 3, 4, 5, 7, 8, 9, 11], "summary": {"covered_lines": 7, "num_statements": 7, "percent_covered": 100.0, "percent_covered_display": "100", "missing_lines": 0, "excluded_lines": 0}, "missing_lines": [], "excluded_lines": [], "functions": {"": {"executed_lines": [1, 3, 4, 5, 7, 8, 9, 11], "summary": {"covered_lines": 7, "num_statements": 7, "percent_covered": 100.0, "percent_covered_display": "100", "missing_lines": 0, "excluded_lines": 0}, "missing_lines": [], "excluded_lines": []}}, "classes": {"": {"executed_lines": [1, 3, 4, 5, 7, 8, 9, 11], "summary": {"covered_lines": 7, "num_statements": 7, "percent_covered": 100.0, "percent_covered_display": "100", "missing_lines": 0, "excluded_lines": 0}, "missing_lines": [], "excluded_lines": []}}}, "src/analysis/__init__.py": {"executed_lines": [1, 3, 4, 5, 9, 10, 11, 15, 17, 18, 20, 21], "summary": {"covered_lines": 11, "num_statements": 15, "percent_covered": 73.33333333333333, "percent_covered_display": "73", "missing_lines": 4, "excluded_lines": 0}, "missing_lines": [6, 7, 12, 13], "excluded_lines": [], "functions": {"": {"executed_lines": [1, 3, 4, 5, 9, 10, 11, 15, 17, 18, 20, 21], "summary": {"covered_lines": 11, "num_statements": 15, "percent_covered": 73.33333333333333, "percent_covered_display": "73", "missing_lines": 4, "excluded_lines": 0}, "missing_lines": [6, 7, 12, 13], "excluded_lines": []}}, "classes": {"": {"executed_lines": [1, 3, 4, 5, 9, 10, 11, 15, 17, 18, 20, 21], "summary": {"covered_lines": 11, "num_statements": 15, "percent_covered": 73.33333333333333, "percent_covered_display": "73", "missing_lines": 4, "excluded_lines": 0}, "missing_lines": [6, 7, 12, 13], "excluded_lines": []}}}, "src/analysis/baseline_comparisons.py": {"executed_lines": [1, 8, 9, 10, 11, 12, 13, 14, 15, 17, 18, 20, 21, 22, 23, 24, 25, 26, 27, 28, 29, 30, 31, 32, 33, 34, 35, 36, 37, 38, 39, 41, 42, 46, 56, 162, 270, 382, 429, 447, 461, 469, 475, 481, 490, 510, 525, 550, 575], "summary": {"covered_lines": 46, "num_statements": 269, "percent_covered": 17.100371747211895, "percent_covered_display": "17", "missing_lines": 223, "excluded_lines": 0}, "missing_lines": [53, 54, 79, 82, 83, 84, 87, 88, 89, 90, 91, 94, 95, 96, 97, 98, 99, 102, 104, 107, 108, 110, 112, 113, 114, 115, 116, 117, 120, 121, 122, 125, 126, 129, 130, 131, 132, 133, 134, 135, 136, 137, 140, 142, 185, 188, 189, 190, 191, 192, 194, 195, 198, 199, 202, 203, 204, 207, 208, 209, 210, 212, 215, 216, 217, 219, 220, 221, 224, 225, 228, 229, 230, 232, 235, 236, 238, 239, 240, 241, 242, 243, 244, 245, 246, 248, 250, 297, 300, 301, 302, 305, 312, 315, 316, 319, 326, 327, 328, 330, 332, 333, 334, 337, 338, 341, 342, 343, 345, 348, 350, 351, 352, 353, 354, 355, 356, 357, 358, 360, 362, 397, 399, 400, 425, 427, 431, 433, 434, 436, 437, 438, 439, 441, 442, 443, 444, 445, 449, 450, 452, 453, 455, 456, 458, 459, 463, 464, 466, 467, 471, 472, 473, 477, 478, 479, 483, 484, 485, 487, 488, 492, 493, 496, 497, 498, 500, 501, 503, 505, 506, 508, 512, 513, 515, 516, 517, 519, 520, 522, 523, 527, 528, 530, 531, 532, 534, 535, 537, 539, 540, 542, 543, 545, 546, 548, 552, 553, 555, 556, 557, 559, 560, 562, 564, 565, 567, 568, 570, 571, 573, 577, 578, 580, 581, 582, 584, 585, 587, 588, 590, 591, 593], "excluded_lines": [], "functions": {"BaselineComparison.__init__": {"executed_lines": [], "summary": {"covered_lines": 0, "num_statements": 2, "percent_covered": 0.0, "percent_covered_display": "0", "missing_lines": 2, "excluded_lines": 0}, "missing_lines": [53, 54], "excluded_lines": []}, "BaselineComparison.create_buy_hold_baseline": {"executed_lines": [], "summary": {"covered_lines": 0, "num_statements": 42, "percent_covered": 0.0, "percent_covered_display": "0", "missing_lines": 42, "excluded_lines": 0}, "missing_lines": [79, 82, 83, 84, 87, 88, 89, 90, 91, 94, 95, 96, 97, 98, 99, 102, 104, 107, 108, 110, 112, 113, 114, 115, 116, 117, 120, 121, 122, 125, 126, 129, 130, 131, 132, 133, 134, 135, 136, 137, 140, 142], "excluded_lines": []}, "BaselineComparison.create_equal_weight_portfolio": {"executed_lines": [], "summary": {"covered_lines": 0, "num_statements": 43, "percent_covered": 0.0, "percent_covered_display": "0", "missing_lines": 43, "excluded_lines": 0}, "missing_lines": [185, 188, 189, 190, 191, 192, 194, 195, 198, 199, 202, 203, 204, 207, 208, 209, 210, 212, 215, 216, 217, 219, 220, 221, 224, 225, 228, 229, 230, 232, 235, 236, 238, 239, 240, 241, 242, 243, 244, 245, 246, 248, 250], "excluded_lines": []}, "BaselineComparison.create_60_40_portfolio": {"executed_lines": [], "summary": {"covered_lines": 0, "num_statements": 34, "percent_covered": 0.0, "percent_covered_display": "0", "missing_lines": 34, "excluded_lines": 0}, "missing_lines": [297, 300, 301, 302, 305, 312, 315, 316, 319, 326, 327, 328, 330, 332, 333, 334, 337, 338, 341, 342, 343, 345, 348, 350, 351, 352, 353, 354, 355, 356, 357, 358, 360, 362], "excluded_lines": []}, "BaselineComparison.compare_strategies": {"executed_lines": [], "summary": {"covered_lines": 0, "num_statements": 5, "percent_covered": 0.0, "percent_covered_display": "0", "missing_lines": 5, "excluded_lines": 0}, "missing_lines": [397, 399, 400, 425, 427], "excluded_lines": []}, "BaselineComparison._download_data": {"executed_lines": [], "summary": {"covered_lines": 0, "num_statements": 12, "percent_covered": 0.0, "percent_covered_display": "0", "missing_lines": 12, "excluded_lines": 0}, "missing_lines": [431, 433, 434, 436, 437, 438, 439, 441, 442, 443, 444, 445], "excluded_lines": []}, "BaselineComparison._calculate_annual_return": {"executed_lines": [], "summary": {"covered_lines": 0, "num_statements": 8, "percent_covered": 0.0, "percent_covered_display": "0", "missing_lines": 8, "excluded_lines": 0}, "missing_lines": [449, 450, 452, 453, 455, 456, 458, 459], "excluded_lines": []}, "BaselineComparison._calculate_sharpe_ratio": {"executed_lines": [], "summary": {"covered_lines": 0, "num_statements": 4, "percent_covered": 0.0, "percent_covered_display": "0", "missing_lines": 4, "excluded_lines": 0}, "missing_lines": [463, 464, 466, 467], "excluded_lines": []}, "BaselineComparison._calculate_max_drawdown": {"executed_lines": [], "summary": {"covered_lines": 0, "num_statements": 3, "percent_covered": 0.0, "percent_covered_display": "0", "missing_lines": 3, "excluded_lines": 0}, "missing_lines": [471, 472, 473], "excluded_lines": []}, "BaselineComparison._calculate_drawdown_series": {"executed_lines": [], "summary": {"covered_lines": 0, "num_statements": 3, "percent_covered": 0.0, "percent_covered_display": "0", "missing_lines": 3, "excluded_lines": 0}, "missing_lines": [477, 478, 479], "excluded_lines": []}, "BaselineComparison._calculate_sortino_ratio": {"executed_lines": [], "summary": {"covered_lines": 0, "num_statements": 5, "percent_covered": 0.0, "percent_covered_display": "0", "missing_lines": 5, "excluded_lines": 0}, "missing_lines": [483, 484, 485, 487, 488], "excluded_lines": []}, "BaselineComparison._calculate_information_ratio": {"executed_lines": [], "summary": {"covered_lines": 0, "num_statements": 11, "percent_covered": 0.0, "percent_covered_display": "0", "missing_lines": 11, "excluded_lines": 0}, "missing_lines": [492, 493, 496, 497, 498, 500, 501, 503, 505, 506, 508], "excluded_lines": []}, "BaselineComparison._calculate_tracking_error": {"executed_lines": [], "summary": {"covered_lines": 0, "num_statements": 9, "percent_covered": 0.0, "percent_covered_display": "0", "missing_lines": 9, "excluded_lines": 0}, "missing_lines": [512, 513, 515, 516, 517, 519, 520, 522, 523], "excluded_lines": []}, "BaselineComparison._calculate_up_capture": {"executed_lines": [], "summary": {"covered_lines": 0, "num_statements": 15, "percent_covered": 0.0, "percent_covered_display": "0", "missing_lines": 15, "excluded_lines": 0}, "missing_lines": [527, 528, 530, 531, 532, 534, 535, 537, 539, 540, 542, 543, 545, 546, 548], "excluded_lines": []}, "BaselineComparison._calculate_down_capture": {"executed_lines": [], "summary": {"covered_lines": 0, "num_statements": 15, "percent_covered": 0.0, "percent_covered_display": "0", "missing_lines": 15, "excluded_lines": 0}, "missing_lines": [552, 553, 555, 556, 557, 559, 560, 562, 564, 565, 567, 568, 570, 571, 573], "excluded_lines": []}, "BaselineComparison._calculate_beta": {"executed_lines": [], "summary": {"covered_lines": 0, "num_statements": 12, "percent_covered": 0.0, "percent_covered_display": "0", "missing_lines": 12, "excluded_lines": 0}, "missing_lines": [577, 578, 580, 581, 582, 584, 585, 587, 588, 590, 591, 593], "excluded_lines": []}, "": {"executed_lines": [1, 8, 9, 10, 11, 12, 13, 14, 15, 17, 18, 20, 21, 22, 23, 24, 25, 26, 27, 28, 29, 30, 31, 32, 33, 34, 35, 36, 37, 38, 39, 41, 42, 46, 56, 162, 270, 382, 429, 447, 461, 469, 475, 481, 490, 510, 525, 550, 575], "summary": {"covered_lines": 46, "num_statements": 46, "percent_covered": 100.0, "percent_covered_display": "100", "missing_lines": 0, "excluded_lines": 0}, "missing_lines": [], "excluded_lines": []}}, "classes": {"BaselineResults": {"executed_lines": [], "summary": {"covered_lines": 0, "num_statements": 0, "percent_covered": 100.0, "percent_covered_display": "100", "missing_lines": 0, "excluded_lines": 0}, "missing_lines": [], "excluded_lines": []}, "BaselineComparison": {"executed_lines": [], "summary": {"covered_lines": 0, "num_statements": 223, "percent_covered": 0.0, "percent_covered_display": "0", "missing_lines": 223, "excluded_lines": 0}, "missing_lines": [53, 54, 79, 82, 83, 84, 87, 88, 89, 90, 91, 94, 95, 96, 97, 98, 99, 102, 104, 107, 108, 110, 112, 113, 114, 115, 116, 117, 120, 121, 122, 125, 126, 129, 130, 131, 132, 133, 134, 135, 136, 137, 140, 142, 185, 188, 189, 190, 191, 192, 194, 195, 198, 199, 202, 203, 204, 207, 208, 209, 210, 212, 215, 216, 217, 219, 220, 221, 224, 225, 228, 229, 230, 232, 235, 236, 238, 239, 240, 241, 242, 243, 244, 245, 246, 248, 250, 297, 300, 301, 302, 305, 312, 315, 316, 319, 326, 327, 328, 330, 332, 333, 334, 337, 338, 341, 342, 343, 345, 348, 350, 351, 352, 353, 354, 355, 356, 357, 358, 360, 362, 397, 399, 400, 425, 427, 431, 433, 434, 436, 437, 438, 439, 441, 442, 443, 444, 445, 449, 450, 452, 453, 455, 456, 458, 459, 463, 464, 466, 467, 471, 472, 473, 477, 478, 479, 483, 484, 485, 487, 488, 492, 493, 496, 497, 498, 500, 501, 503, 505, 506, 508, 512, 513, 515, 516, 517, 519, 520, 522, 523, 527, 528, 530, 531, 532, 534, 535, 537, 539, 540, 542, 543, 545, 546, 548, 552, 553, 555, 556, 557, 559, 560, 562, 564, 565, 567, 568, 570, 571, 573, 577, 578, 580, 581, 582, 584, 585, 587, 588, 590, 591, 593], "excluded_lines": []}, "": {"executed_lines": [1, 8, 9, 10, 11, 12, 13, 14, 15, 17, 18, 20, 21, 22, 23, 24, 25, 26, 27, 28, 29, 30, 31, 32, 33, 34, 35, 36, 37, 38, 39, 41, 42, 46, 56, 162, 270, 382, 429, 447, 461, 469, 475, 481, 490, 510, 525, 550, 575], "summary": {"covered_lines": 46, "num_statements": 46, "percent_covered": 100.0, "percent_covered_display": "100", "missing_lines": 0, "excluded_lines": 0}, "missing_lines": [], "excluded_lines": []}}}, "src/analysis/enhanced_trade_tracker.py": {"executed_lines": [1, 8, 9, 10, 11, 12, 13, 14, 15, 16, 18, 19, 21, 22, 23, 24, 26, 27, 28, 29, 30, 31, 32, 34, 35, 36, 37, 38, 39, 40, 41, 42, 43, 44, 47, 48, 51, 54, 57, 58, 59, 62, 63, 64, 65, 66, 67, 70, 72, 73, 74, 75, 76, 77, 78, 79, 80, 81, 84, 85, 86, 87, 88, 91, 92, 95, 96, 99, 100, 101, 102, 104, 105, 106, 107, 108, 111, 112, 113, 114, 117, 118, 119, 122, 123, 124, 127, 128, 129, 131, 132, 136, 157, 163, 249, 337, 396, 415, 432, 449, 505, 551, 600, 665], "summary": {"covered_lines": 97, "num_statements": 251, "percent_covered": 38.645418326693225, "percent_covered_display": "39", "missing_lines": 154, "excluded_lines": 0}, "missing_lines": [143, 144, 146, 147, 148, 151, 152, 155, 159, 160, 161, 202, 205, 206, 207, 210, 236, 239, 246, 247, 276, 277, 278, 280, 283, 284, 285, 286, 287, 289, 290, 291, 294, 318, 321, 322, 325, 332, 335, 353, 354, 355, 358, 361, 364, 365, 366, 369, 370, 371, 374, 375, 376, 378, 402, 403, 406, 407, 409, 421, 422, 424, 425, 426, 427, 428, 430, 438, 439, 441, 442, 443, 444, 445, 447, 456, 457, 460, 461, 462, 465, 466, 467, 468, 471, 472, 473, 476, 477, 480, 481, 484, 485, 487, 512, 513, 516, 524, 526, 527, 532, 533, 534, 536, 549, 558, 559, 562, 563, 564, 566, 568, 569, 571, 572, 573, 579, 580, 581, 582, 585, 587, 597, 598, 610, 611, 612, 614, 617, 619, 620, 621, 623, 645, 646, 649, 650, 653, 654, 656, 659, 660, 662, 663, 672, 673, 674, 676, 687, 688, 690, 691, 693, 694], "excluded_lines": [], "functions": {"EnhancedTradeTracker.__init__": {"executed_lines": [], "summary": {"covered_lines": 0, "num_statements": 8, "percent_covered": 0.0, "percent_covered_display": "0", "missing_lines": 8, "excluded_lines": 0}, "missing_lines": [143, 144, 146, 147, 148, 151, 152, 155], "excluded_lines": []}, "EnhancedTradeTracker.generate_trade_id": {"executed_lines": [], "summary": {"covered_lines": 0, "num_statements": 3, "percent_covered": 0.0, "percent_covered_display": "0", "missing_lines": 3, "excluded_lines": 0}, "missing_lines": [159, 160, 161], "excluded_lines": []}, "EnhancedTradeTracker.record_trade_entry": {"executed_lines": [], "summary": {"covered_lines": 0, "num_statements": 9, "percent_covered": 0.0, "percent_covered_display": "0", "missing_lines": 9, "excluded_lines": 0}, "missing_lines": [202, 205, 206, 207, 210, 236, 239, 246, 247], "excluded_lines": []}, "EnhancedTradeTracker.record_trade_exit": {"executed_lines": [], "summary": {"covered_lines": 0, "num_statements": 19, "percent_covered": 0.0, "percent_covered_display": "0", "missing_lines": 19, "excluded_lines": 0}, "missing_lines": [276, 277, 278, 280, 283, 284, 285, 286, 287, 289, 290, 291, 294, 318, 321, 322, 325, 332, 335], "excluded_lines": []}, "EnhancedTradeTracker._analyze_completed_trade": {"executed_lines": [], "summary": {"covered_lines": 0, "num_statements": 15, "percent_covered": 0.0, "percent_covered_display": "0", "missing_lines": 15, "excluded_lines": 0}, "missing_lines": [353, 354, 355, 358, 361, 364, 365, 366, 369, 370, 371, 374, 375, 376, 378], "excluded_lines": []}, "EnhancedTradeTracker._calculate_confluence_attribution": {"executed_lines": [], "summary": {"covered_lines": 0, "num_statements": 5, "percent_covered": 0.0, "percent_covered_display": "0", "missing_lines": 5, "excluded_lines": 0}, "missing_lines": [402, 403, 406, 407, 409], "excluded_lines": []}, "EnhancedTradeTracker._calculate_timeframe_attribution": {"executed_lines": [], "summary": {"covered_lines": 0, "num_statements": 8, "percent_covered": 0.0, "percent_covered_display": "0", "missing_lines": 8, "excluded_lines": 0}, "missing_lines": [421, 422, 424, 425, 426, 427, 428, 430], "excluded_lines": []}, "EnhancedTradeTracker._calculate_component_attribution": {"executed_lines": [], "summary": {"covered_lines": 0, "num_statements": 8, "percent_covered": 0.0, "percent_covered_display": "0", "missing_lines": 8, "excluded_lines": 0}, "missing_lines": [438, 439, 441, 442, 443, 444, 445, 447], "excluded_lines": []}, "EnhancedTradeTracker.get_trade_summary_statistics": {"executed_lines": [], "summary": {"covered_lines": 0, "num_statements": 19, "percent_covered": 0.0, "percent_covered_display": "0", "missing_lines": 19, "excluded_lines": 0}, "missing_lines": [456, 457, 460, 461, 462, 465, 466, 467, 468, 471, 472, 473, 476, 477, 480, 481, 484, 485, 487], "excluded_lines": []}, "EnhancedTradeTracker.analyze_performance_by_confluence": {"executed_lines": [], "summary": {"covered_lines": 0, "num_statements": 11, "percent_covered": 0.0, "percent_covered_display": "0", "missing_lines": 11, "excluded_lines": 0}, "missing_lines": [512, 513, 516, 524, 526, 527, 532, 533, 534, 536, 549], "excluded_lines": []}, "EnhancedTradeTracker.analyze_performance_by_timeframe": {"executed_lines": [], "summary": {"covered_lines": 0, "num_statements": 19, "percent_covered": 0.0, "percent_covered_display": "0", "missing_lines": 19, "excluded_lines": 0}, "missing_lines": [558, 559, 562, 563, 564, 566, 568, 569, 571, 572, 573, 579, 580, 581, 582, 585, 587, 597, 598], "excluded_lines": []}, "EnhancedTradeTracker.export_trade_details": {"executed_lines": [], "summary": {"covered_lines": 0, "num_statements": 20, "percent_covered": 0.0, "percent_covered_display": "0", "missing_lines": 20, "excluded_lines": 0}, "missing_lines": [610, 611, 612, 614, 617, 619, 620, 621, 623, 645, 646, 649, 650, 653, 654, 656, 659, 660, 662, 663], "excluded_lines": []}, "EnhancedTradeTracker.generate_trade_analysis_report": {"executed_lines": [], "summary": {"covered_lines": 0, "num_statements": 10, "percent_covered": 0.0, "percent_covered_display": "0", "missing_lines": 10, "excluded_lines": 0}, "missing_lines": [672, 673, 674, 676, 687, 688, 690, 691, 693, 694], "excluded_lines": []}, "": {"executed_lines": [1, 8, 9, 10, 11, 12, 13, 14, 15, 16, 18, 19, 21, 22, 23, 24, 26, 27, 28, 29, 30, 31, 32, 34, 35, 36, 37, 38, 39, 40, 41, 42, 43, 44, 47, 48, 51, 54, 57, 58, 59, 62, 63, 64, 65, 66, 67, 70, 72, 73, 74, 75, 76, 77, 78, 79, 80, 81, 84, 85, 86, 87, 88, 91, 92, 95, 96, 99, 100, 101, 102, 104, 105, 106, 107, 108, 111, 112, 113, 114, 117, 118, 119, 122, 123, 124, 127, 128, 129, 131, 132, 136, 157, 163, 249, 337, 396, 415, 432, 449, 505, 551, 600, 665], "summary": {"covered_lines": 97, "num_statements": 97, "percent_covered": 100.0, "percent_covered_display": "100", "missing_lines": 0, "excluded_lines": 0}, "missing_lines": [], "excluded_lines": []}}, "classes": {"TradeType": {"executed_lines": [], "summary": {"covered_lines": 0, "num_statements": 0, "percent_covered": 100.0, "percent_covered_display": "100", "missing_lines": 0, "excluded_lines": 0}, "missing_lines": [], "excluded_lines": []}, "ExitReason": {"executed_lines": [], "summary": {"covered_lines": 0, "num_statements": 0, "percent_covered": 100.0, "percent_covered_display": "100", "missing_lines": 0, "excluded_lines": 0}, "missing_lines": [], "excluded_lines": []}, "TradeEntry": {"executed_lines": [], "summary": {"covered_lines": 0, "num_statements": 0, "percent_covered": 100.0, "percent_covered_display": "100", "missing_lines": 0, "excluded_lines": 0}, "missing_lines": [], "excluded_lines": []}, "TradeExit": {"executed_lines": [], "summary": {"covered_lines": 0, "num_statements": 0, "percent_covered": 100.0, "percent_covered_display": "100", "missing_lines": 0, "excluded_lines": 0}, "missing_lines": [], "excluded_lines": []}, "TradeAnalysis": {"executed_lines": [], "summary": {"covered_lines": 0, "num_statements": 0, "percent_covered": 100.0, "percent_covered_display": "100", "missing_lines": 0, "excluded_lines": 0}, "missing_lines": [], "excluded_lines": []}, "EnhancedTradeTracker": {"executed_lines": [], "summary": {"covered_lines": 0, "num_statements": 154, "percent_covered": 0.0, "percent_covered_display": "0", "missing_lines": 154, "excluded_lines": 0}, "missing_lines": [143, 144, 146, 147, 148, 151, 152, 155, 159, 160, 161, 202, 205, 206, 207, 210, 236, 239, 246, 247, 276, 277, 278, 280, 283, 284, 285, 286, 287, 289, 290, 291, 294, 318, 321, 322, 325, 332, 335, 353, 354, 355, 358, 361, 364, 365, 366, 369, 370, 371, 374, 375, 376, 378, 402, 403, 406, 407, 409, 421, 422, 424, 425, 426, 427, 428, 430, 438, 439, 441, 442, 443, 444, 445, 447, 456, 457, 460, 461, 462, 465, 466, 467, 468, 471, 472, 473, 476, 477, 480, 481, 484, 485, 487, 512, 513, 516, 524, 526, 527, 532, 533, 534, 536, 549, 558, 559, 562, 563, 564, 566, 568, 569, 571, 572, 573, 579, 580, 581, 582, 585, 587, 597, 598, 610, 611, 612, 614, 617, 619, 620, 621, 623, 645, 646, 649, 650, 653, 654, 656, 659, 660, 662, 663, 672, 673, 674, 676, 687, 688, 690, 691, 693, 694], "excluded_lines": []}, "": {"executed_lines": [1, 8, 9, 10, 11, 12, 13, 14, 15, 16, 18, 19, 21, 22, 23, 24, 26, 27, 28, 29, 30, 31, 32, 34, 35, 36, 37, 38, 39, 40, 41, 42, 43, 44, 47, 48, 51, 54, 57, 58, 59, 62, 63, 64, 65, 66, 67, 70, 72, 73, 74, 75, 76, 77, 78, 79, 80, 81, 84, 85, 86, 87, 88, 91, 92, 95, 96, 99, 100, 101, 102, 104, 105, 106, 107, 108, 111, 112, 113, 114, 117, 118, 119, 122, 123, 124, 127, 128, 129, 131, 132, 136, 157, 163, 249, 337, 396, 415, 432, 449, 505, 551, 600, 665], "summary": {"covered_lines": 97, "num_statements": 97, "percent_covered": 100.0, "percent_covered_display": "100", "missing_lines": 0, "excluded_lines": 0}, "missing_lines": [], "excluded_lines": []}}}, "src/analysis/performance_attribution.py": {"executed_lines": [], "summary": {"covered_lines": 0, "num_statements": 247, "percent_covered": 0.0, "percent_covered_display": "0", "missing_lines": 247, "excluded_lines": 0}, "missing_lines": [8, 9, 10, 11, 12, 13, 14, 15, 17, 18, 19, 21, 22, 24, 25, 26, 27, 28, 29, 30, 32, 33, 35, 36, 37, 38, 40, 45, 47, 48, 49, 51, 70, 73, 76, 79, 82, 85, 88, 89, 92, 93, 96, 97, 100, 101, 102, 107, 108, 111, 115, 125, 126, 128, 134, 135, 137, 139, 140, 141, 144, 145, 146, 149, 151, 152, 154, 156, 163, 164, 166, 168, 169, 170, 171, 174, 175, 176, 179, 180, 182, 184, 186, 187, 190, 196, 197, 198, 200, 201, 202, 203, 205, 208, 210, 211, 212, 214, 215, 216, 218, 219, 221, 223, 224, 225, 227, 229, 231, 232, 234, 236, 237, 238, 239, 242, 244, 245, 248, 250, 252, 254, 256, 264, 265, 266, 269, 270, 271, 272, 273, 276, 277, 278, 279, 281, 283, 285, 291, 294, 295, 296, 298, 301, 302, 305, 306, 311, 312, 314, 316, 318, 320, 326, 328, 329, 331, 333, 335, 353, 354, 357, 358, 359, 360, 361, 362, 365, 366, 368, 369, 372, 382, 390, 393, 396, 399, 401, 408, 426, 427, 429, 430, 433, 434, 435, 438, 441, 442, 443, 446, 449, 450, 453, 466, 468, 485, 487, 489, 490, 491, 493, 494, 497, 498, 500, 501, 502, 505, 506, 507, 508, 511, 512, 514, 522, 524, 541, 543, 544, 545, 546, 547, 548, 549, 550, 551, 552, 554, 557, 559, 571, 573, 575, 576, 578, 581, 582, 583, 584, 585, 586, 589, 590, 591, 599, 617], "excluded_lines": [], "functions": {"PerformanceAttributor.__init__": {"executed_lines": [], "summary": {"covered_lines": 0, "num_statements": 3, "percent_covered": 0.0, "percent_covered_display": "0", "missing_lines": 3, "excluded_lines": 0}, "missing_lines": [47, 48, 49], "excluded_lines": []}, "PerformanceAttributor.calculate_return_attribution": {"executed_lines": [], "summary": {"covered_lines": 0, "num_statements": 21, "percent_covered": 0.0, "percent_covered_display": "0", "missing_lines": 21, "excluded_lines": 0}, "missing_lines": [70, 73, 76, 79, 82, 85, 88, 89, 92, 93, 96, 97, 100, 101, 102, 107, 108, 111, 115, 125, 126], "excluded_lines": []}, "PerformanceAttributor._calculate_timing_attribution": {"executed_lines": [], "summary": {"covered_lines": 0, "num_statements": 13, "percent_covered": 0.0, "percent_covered_display": "0", "missing_lines": 13, "excluded_lines": 0}, "missing_lines": [134, 135, 137, 139, 140, 141, 144, 145, 146, 149, 151, 152, 154], "excluded_lines": []}, "PerformanceAttributor._calculate_selection_attribution": {"executed_lines": [], "summary": {"covered_lines": 0, "num_statements": 13, "percent_covered": 0.0, "percent_covered_display": "0", "missing_lines": 13, "excluded_lines": 0}, "missing_lines": [163, 164, 166, 168, 169, 170, 171, 174, 175, 176, 179, 180, 182], "excluded_lines": []}, "PerformanceAttributor._calculate_confluence_attribution": {"executed_lines": [], "summary": {"covered_lines": 0, "num_statements": 25, "percent_covered": 0.0, "percent_covered_display": "0", "missing_lines": 25, "excluded_lines": 0}, "missing_lines": [186, 187, 190, 196, 197, 198, 200, 201, 202, 203, 205, 208, 210, 211, 212, 214, 215, 216, 218, 219, 221, 223, 224, 225, 227], "excluded_lines": []}, "PerformanceAttributor._calculate_risk_attribution": {"executed_lines": [], "summary": {"covered_lines": 0, "num_statements": 13, "percent_covered": 0.0, "percent_covered_display": "0", "missing_lines": 13, "excluded_lines": 0}, "missing_lines": [231, 232, 234, 236, 237, 238, 239, 242, 244, 245, 248, 250, 252], "excluded_lines": []}, "PerformanceAttributor._calculate_timeframe_attribution": {"executed_lines": [], "summary": {"covered_lines": 0, "num_statements": 15, "percent_covered": 0.0, "percent_covered_display": "0", "missing_lines": 15, "excluded_lines": 0}, "missing_lines": [256, 264, 265, 266, 269, 270, 271, 272, 273, 276, 277, 278, 279, 281, 283], "excluded_lines": []}, "PerformanceAttributor._calculate_factor_attribution": {"executed_lines": [], "summary": {"covered_lines": 0, "num_statements": 14, "percent_covered": 0.0, "percent_covered_display": "0", "missing_lines": 14, "excluded_lines": 0}, "missing_lines": [291, 294, 295, 296, 298, 301, 302, 305, 306, 311, 312, 314, 316, 318], "excluded_lines": []}, "PerformanceAttributor._calculate_risk_adjusted_attribution": {"executed_lines": [], "summary": {"covered_lines": 0, "num_statements": 5, "percent_covered": 0.0, "percent_covered_display": "0", "missing_lines": 5, "excluded_lines": 0}, "missing_lines": [326, 328, 329, 331, 333], "excluded_lines": []}, "PerformanceAttributor.calculate_time_series_attribution": {"executed_lines": [], "summary": {"covered_lines": 0, "num_statements": 19, "percent_covered": 0.0, "percent_covered_display": "0", "missing_lines": 19, "excluded_lines": 0}, "missing_lines": [353, 354, 357, 358, 359, 360, 361, 362, 365, 366, 368, 369, 372, 382, 390, 393, 396, 399, 401], "excluded_lines": []}, "PerformanceAttributor.decompose_alpha": {"executed_lines": [], "summary": {"covered_lines": 0, "num_statements": 16, "percent_covered": 0.0, "percent_covered_display": "0", "missing_lines": 16, "excluded_lines": 0}, "missing_lines": [426, 427, 429, 430, 433, 434, 435, 438, 441, 442, 443, 446, 449, 450, 453, 466], "excluded_lines": []}, "PerformanceAttributor.analyze_factor_exposures": {"executed_lines": [], "summary": {"covered_lines": 0, "num_statements": 20, "percent_covered": 0.0, "percent_covered_display": "0", "missing_lines": 20, "excluded_lines": 0}, "missing_lines": [485, 487, 489, 490, 491, 493, 494, 497, 498, 500, 501, 502, 505, 506, 507, 508, 511, 512, 514, 522], "excluded_lines": []}, "PerformanceAttributor.calculate_performance_consistency": {"executed_lines": [], "summary": {"covered_lines": 0, "num_statements": 15, "percent_covered": 0.0, "percent_covered_display": "0", "missing_lines": 15, "excluded_lines": 0}, "missing_lines": [541, 543, 544, 545, 546, 547, 548, 549, 550, 551, 552, 554, 557, 559, 571], "excluded_lines": []}, "PerformanceAttributor.generate_attribution_report": {"executed_lines": [], "summary": {"covered_lines": 0, "num_statements": 14, "percent_covered": 0.0, "percent_covered_display": "0", "missing_lines": 14, "excluded_lines": 0}, "missing_lines": [575, 576, 578, 581, 582, 583, 584, 585, 586, 589, 590, 591, 599, 617], "excluded_lines": []}, "": {"executed_lines": [], "summary": {"covered_lines": 0, "num_statements": 41, "percent_covered": 0.0, "percent_covered_display": "0", "missing_lines": 41, "excluded_lines": 0}, "missing_lines": [8, 9, 10, 11, 12, 13, 14, 15, 17, 18, 19, 21, 22, 24, 25, 26, 27, 28, 29, 30, 32, 33, 35, 36, 37, 38, 40, 45, 51, 128, 156, 184, 229, 254, 285, 320, 335, 408, 468, 524, 573], "excluded_lines": []}}, "classes": {"AttributionResult": {"executed_lines": [], "summary": {"covered_lines": 0, "num_statements": 0, "percent_covered": 100.0, "percent_covered_display": "100", "missing_lines": 0, "excluded_lines": 0}, "missing_lines": [], "excluded_lines": []}, "TimeSeriesAttribution": {"executed_lines": [], "summary": {"covered_lines": 0, "num_statements": 0, "percent_covered": 100.0, "percent_covered_display": "100", "missing_lines": 0, "excluded_lines": 0}, "missing_lines": [], "excluded_lines": []}, "PerformanceAttributor": {"executed_lines": [], "summary": {"covered_lines": 0, "num_statements": 206, "percent_covered": 0.0, "percent_covered_display": "0", "missing_lines": 206, "excluded_lines": 0}, "missing_lines": [47, 48, 49, 70, 73, 76, 79, 82, 85, 88, 89, 92, 93, 96, 97, 100, 101, 102, 107, 108, 111, 115, 125, 126, 134, 135, 137, 139, 140, 141, 144, 145, 146, 149, 151, 152, 154, 163, 164, 166, 168, 169, 170, 171, 174, 175, 176, 179, 180, 182, 186, 187, 190, 196, 197, 198, 200, 201, 202, 203, 205, 208, 210, 211, 212, 214, 215, 216, 218, 219, 221, 223, 224, 225, 227, 231, 232, 234, 236, 237, 238, 239, 242, 244, 245, 248, 250, 252, 256, 264, 265, 266, 269, 270, 271, 272, 273, 276, 277, 278, 279, 281, 283, 291, 294, 295, 296, 298, 301, 302, 305, 306, 311, 312, 314, 316, 318, 326, 328, 329, 331, 333, 353, 354, 357, 358, 359, 360, 361, 362, 365, 366, 368, 369, 372, 382, 390, 393, 396, 399, 401, 426, 427, 429, 430, 433, 434, 435, 438, 441, 442, 443, 446, 449, 450, 453, 466, 485, 487, 489, 490, 491, 493, 494, 497, 498, 500, 501, 502, 505, 506, 507, 508, 511, 512, 514, 522, 541, 543, 544, 545, 546, 547, 548, 549, 550, 551, 552, 554, 557, 559, 571, 575, 576, 578, 581, 582, 583, 584, 585, 586, 589, 590, 591, 599, 617], "excluded_lines": []}, "": {"executed_lines": [], "summary": {"covered_lines": 0, "num_statements": 41, "percent_covered": 0.0, "percent_covered_display": "0", "missing_lines": 41, "excluded_lines": 0}, "missing_lines": [8, 9, 10, 11, 12, 13, 14, 15, 17, 18, 19, 21, 22, 24, 25, 26, 27, 28, 29, 30, 32, 33, 35, 36, 37, 38, 40, 45, 51, 128, 156, 184, 229, 254, 285, 320, 335, 408, 468, 524, 573], "excluded_lines": []}}}, "src/analysis/statistical_validation.py": {"executed_lines": [], "summary": {"covered_lines": 0, "num_statements": 243, "percent_covered": 0.0, "percent_covered_display": "0", "missing_lines": 243, "excluded_lines": 0}, "missing_lines": [8, 9, 10, 11, 12, 13, 14, 15, 16, 17, 19, 20, 21, 23, 24, 26, 27, 28, 29, 30, 31, 32, 34, 35, 37, 38, 39, 40, 41, 42, 43, 44, 46, 51, 67, 68, 69, 70, 73, 74, 76, 95, 96, 99, 101, 102, 103, 105, 107, 108, 111, 114, 115, 119, 124, 125, 128, 129, 130, 131, 133, 134, 136, 139, 141, 144, 150, 152, 162, 163, 165, 167, 169, 170, 171, 172, 173, 174, 175, 176, 177, 178, 179, 180, 181, 182, 183, 184, 186, 187, 189, 191, 192, 193, 194, 196, 202, 204, 206, 211, 212, 214, 216, 223, 226, 228, 230, 231, 233, 234, 240, 242, 243, 244, 246, 248, 255, 257, 258, 261, 262, 264, 266, 285, 286, 288, 291, 292, 295, 296, 298, 300, 301, 303, 305, 307, 309, 310, 316, 321, 322, 323, 324, 325, 326, 327, 328, 329, 331, 334, 345, 346, 348, 350, 367, 368, 371, 372, 373, 375, 377, 385, 387, 388, 389, 391, 393, 394, 395, 397, 399, 402, 403, 406, 407, 410, 411, 412, 414, 416, 418, 435, 436, 438, 440, 442, 443, 444, 445, 446, 447, 448, 449, 450, 451, 452, 453, 454, 456, 458, 473, 474, 477, 478, 479, 482, 485, 488, 489, 490, 492, 502, 519, 520, 522, 524, 526, 527, 530, 531, 533, 536, 546, 553, 560, 561, 571, 572, 583, 584, 587, 588, 589, 591, 592, 596, 597, 599, 601, 603, 605, 606, 608], "excluded_lines": [], "functions": {"StatisticalValidator.__init__": {"executed_lines": [], "summary": {"covered_lines": 0, "num_statements": 6, "percent_covered": 0.0, "percent_covered_display": "0", "missing_lines": 6, "excluded_lines": 0}, "missing_lines": [67, 68, 69, 70, 73, 74], "excluded_lines": []}, "StatisticalValidator.bootstrap_analysis": {"executed_lines": [], "summary": {"covered_lines": 0, "num_statements": 30, "percent_covered": 0.0, "percent_covered_display": "0", "missing_lines": 30, "excluded_lines": 0}, "missing_lines": [95, 96, 99, 101, 102, 103, 105, 107, 108, 111, 114, 115, 119, 124, 125, 128, 129, 130, 131, 133, 134, 136, 139, 141, 144, 150, 152, 162, 163, 165], "excluded_lines": []}, "StatisticalValidator._calculate_metric": {"executed_lines": [], "summary": {"covered_lines": 0, "num_statements": 18, "percent_covered": 0.0, "percent_covered_display": "0", "missing_lines": 18, "excluded_lines": 0}, "missing_lines": [169, 170, 171, 172, 173, 174, 175, 176, 177, 178, 179, 180, 181, 182, 183, 184, 186, 187], "excluded_lines": []}, "StatisticalValidator._calculate_max_drawdown": {"executed_lines": [], "summary": {"covered_lines": 0, "num_statements": 4, "percent_covered": 0.0, "percent_covered_display": "0", "missing_lines": 4, "excluded_lines": 0}, "missing_lines": [191, 192, 193, 194], "excluded_lines": []}, "StatisticalValidator._sequential_bootstrap": {"executed_lines": [], "summary": {"covered_lines": 0, "num_statements": 6, "percent_covered": 0.0, "percent_covered_display": "0", "missing_lines": 6, "excluded_lines": 0}, "missing_lines": [202, 204, 206, 211, 212, 214], "excluded_lines": []}, "StatisticalValidator._parallel_bootstrap": {"executed_lines": [], "summary": {"covered_lines": 0, "num_statements": 12, "percent_covered": 0.0, "percent_covered_display": "0", "missing_lines": 12, "excluded_lines": 0}, "missing_lines": [223, 226, 228, 230, 231, 233, 234, 240, 242, 243, 244, 246], "excluded_lines": []}, "StatisticalValidator._worker_bootstrap": {"executed_lines": [], "summary": {"covered_lines": 0, "num_statements": 6, "percent_covered": 0.0, "percent_covered_display": "0", "missing_lines": 6, "excluded_lines": 0}, "missing_lines": [255, 257, 258, 261, 262, 264], "excluded_lines": []}, "StatisticalValidator.monte_carlo_simulation": {"executed_lines": [], "summary": {"covered_lines": 0, "num_statements": 30, "percent_covered": 0.0, "percent_covered_display": "0", "missing_lines": 30, "excluded_lines": 0}, "missing_lines": [285, 286, 288, 291, 292, 295, 296, 298, 300, 301, 303, 305, 307, 309, 310, 316, 321, 322, 323, 324, 325, 326, 327, 328, 329, 331, 334, 345, 346, 348], "excluded_lines": []}, "StatisticalValidator.statistical_significance_test": {"executed_lines": [], "summary": {"covered_lines": 0, "num_statements": 26, "percent_covered": 0.0, "percent_covered_display": "0", "missing_lines": 26, "excluded_lines": 0}, "missing_lines": [367, 368, 371, 372, 373, 375, 377, 385, 387, 388, 389, 391, 393, 394, 395, 397, 399, 402, 403, 406, 407, 410, 411, 412, 414, 416], "excluded_lines": []}, "StatisticalValidator.rolling_statistics": {"executed_lines": [], "summary": {"covered_lines": 0, "num_statements": 18, "percent_covered": 0.0, "percent_covered_display": "0", "missing_lines": 18, "excluded_lines": 0}, "missing_lines": [435, 436, 438, 440, 442, 443, 444, 445, 446, 447, 448, 449, 450, 451, 452, 453, 454, 456], "excluded_lines": []}, "StatisticalValidator.calculate_information_coefficient": {"executed_lines": [], "summary": {"covered_lines": 0, "num_statements": 11, "percent_covered": 0.0, "percent_covered_display": "0", "missing_lines": 11, "excluded_lines": 0}, "missing_lines": [473, 474, 477, 478, 479, 482, 485, 488, 489, 490, 492], "excluded_lines": []}, "StatisticalValidator.robustness_test": {"executed_lines": [], "summary": {"covered_lines": 0, "num_statements": 10, "percent_covered": 0.0, "percent_covered_display": "0", "missing_lines": 10, "excluded_lines": 0}, "missing_lines": [519, 520, 522, 524, 526, 527, 530, 531, 533, 536], "excluded_lines": []}, "StatisticalValidator.generate_validation_report": {"executed_lines": [], "summary": {"covered_lines": 0, "num_statements": 15, "percent_covered": 0.0, "percent_covered_display": "0", "missing_lines": 15, "excluded_lines": 0}, "missing_lines": [553, 560, 561, 571, 572, 583, 584, 587, 588, 589, 591, 592, 596, 597, 599], "excluded_lines": []}, "StatisticalValidator.save_results": {"executed_lines": [], "summary": {"covered_lines": 0, "num_statements": 4, "percent_covered": 0.0, "percent_covered_display": "0", "missing_lines": 4, "excluded_lines": 0}, "missing_lines": [603, 605, 606, 608], "excluded_lines": []}, "": {"executed_lines": [], "summary": {"covered_lines": 0, "num_statements": 47, "percent_covered": 0.0, "percent_covered_display": "0", "missing_lines": 47, "excluded_lines": 0}, "missing_lines": [8, 9, 10, 11, 12, 13, 14, 15, 16, 17, 19, 20, 21, 23, 24, 26, 27, 28, 29, 30, 31, 32, 34, 35, 37, 38, 39, 40, 41, 42, 43, 44, 46, 51, 76, 167, 189, 196, 216, 248, 266, 350, 418, 458, 502, 546, 601], "excluded_lines": []}}, "classes": {"BootstrapResult": {"executed_lines": [], "summary": {"covered_lines": 0, "num_statements": 0, "percent_covered": 100.0, "percent_covered_display": "100", "missing_lines": 0, "excluded_lines": 0}, "missing_lines": [], "excluded_lines": []}, "MonteCarloResult": {"executed_lines": [], "summary": {"covered_lines": 0, "num_statements": 0, "percent_covered": 100.0, "percent_covered_display": "100", "missing_lines": 0, "excluded_lines": 0}, "missing_lines": [], "excluded_lines": []}, "StatisticalValidator": {"executed_lines": [], "summary": {"covered_lines": 0, "num_statements": 196, "percent_covered": 0.0, "percent_covered_display": "0", "missing_lines": 196, "excluded_lines": 0}, "missing_lines": [67, 68, 69, 70, 73, 74, 95, 96, 99, 101, 102, 103, 105, 107, 108, 111, 114, 115, 119, 124, 125, 128, 129, 130, 131, 133, 134, 136, 139, 141, 144, 150, 152, 162, 163, 165, 169, 170, 171, 172, 173, 174, 175, 176, 177, 178, 179, 180, 181, 182, 183, 184, 186, 187, 191, 192, 193, 194, 202, 204, 206, 211, 212, 214, 223, 226, 228, 230, 231, 233, 234, 240, 242, 243, 244, 246, 255, 257, 258, 261, 262, 264, 285, 286, 288, 291, 292, 295, 296, 298, 300, 301, 303, 305, 307, 309, 310, 316, 321, 322, 323, 324, 325, 326, 327, 328, 329, 331, 334, 345, 346, 348, 367, 368, 371, 372, 373, 375, 377, 385, 387, 388, 389, 391, 393, 394, 395, 397, 399, 402, 403, 406, 407, 410, 411, 412, 414, 416, 435, 436, 438, 440, 442, 443, 444, 445, 446, 447, 448, 449, 450, 451, 452, 453, 454, 456, 473, 474, 477, 478, 479, 482, 485, 488, 489, 490, 492, 519, 520, 522, 524, 526, 527, 530, 531, 533, 536, 553, 560, 561, 571, 572, 583, 584, 587, 588, 589, 591, 592, 596, 597, 599, 603, 605, 606, 608], "excluded_lines": []}, "": {"executed_lines": [], "summary": {"covered_lines": 0, "num_statements": 47, "percent_covered": 0.0, "percent_covered_display": "0", "missing_lines": 47, "excluded_lines": 0}, "missing_lines": [8, 9, 10, 11, 12, 13, 14, 15, 16, 17, 19, 20, 21, 23, 24, 26, 27, 28, 29, 30, 31, 32, 34, 35, 37, 38, 39, 40, 41, 42, 43, 44, 46, 51, 76, 167, 189, 196, 216, 248, 266, 350, 418, 458, 502, 546, 601], "excluded_lines": []}}}, "src/analysis/timeframe_performance_analyzer.py": {"executed_lines": [], "summary": {"covered_lines": 0, "num_statements": 320, "percent_covered": 0.0, "percent_covered_display": "0", "missing_lines": 320, "excluded_lines": 2}, "missing_lines": [8, 9, 10, 11, 12, 13, 14, 15, 16, 17, 18, 19, 20, 21, 22, 25, 26, 28, 29, 30, 31, 32, 33, 34, 35, 36, 37, 38, 39, 40, 41, 42, 43, 44, 45, 46, 48, 49, 51, 52, 53, 55, 56, 58, 61, 64, 65, 67, 70, 71, 73, 76, 77, 79, 80, 81, 82, 83, 84, 86, 87, 89, 90, 93, 98, 99, 100, 101, 103, 105, 106, 107, 108, 111, 112, 113, 114, 115, 116, 117, 119, 122, 124, 126, 129, 131, 132, 134, 148, 149, 150, 151, 158, 160, 161, 163, 165, 166, 169, 171, 172, 173, 174, 175, 176, 178, 180, 181, 183, 186, 189, 191, 192, 193, 194, 202, 203, 204, 205, 208, 210, 211, 212, 213, 214, 216, 217, 228, 230, 231, 233, 235, 239, 247, 248, 250, 252, 260, 269, 271, 277, 279, 281, 283, 284, 285, 287, 288, 290, 298, 300, 301, 302, 304, 306, 315, 317, 323, 325, 327, 329, 340, 341, 343, 349, 352, 366, 369, 370, 371, 372, 376, 379, 380, 381, 388, 390, 396, 398, 400, 402, 412, 413, 416, 417, 418, 424, 427, 428, 429, 431, 433, 434, 435, 437, 444, 447, 459, 460, 461, 463, 464, 465, 466, 468, 475, 478, 479, 480, 482, 483, 485, 492, 494, 501, 502, 503, 504, 506, 507, 508, 509, 511, 513, 515, 517, 518, 542, 543, 546, 548, 549, 550, 552, 554, 556, 559, 560, 561, 564, 565, 566, 567, 570, 712, 713, 715, 717, 719, 722, 723, 724, 725, 734, 735, 736, 737, 746, 747, 748, 749, 758, 759, 760, 761, 769, 771, 773, 775, 776, 778, 779, 780, 781, 793, 812, 814, 815, 817, 818, 820, 821, 823, 824, 836, 855, 857, 859, 860, 862, 863, 864, 865, 875, 892, 894, 897, 898, 899, 901, 907, 908, 909, 911, 912, 914, 915, 922, 923, 924, 925, 926, 928, 929, 931, 932, 937, 946, 948, 956], "excluded_lines": [959, 960], "functions": {"PerformanceMetrics.risk_adjusted_return": {"executed_lines": [], "summary": {"covered_lines": 0, "num_statements": 3, "percent_covered": 0.0, "percent_covered_display": "0", "missing_lines": 3, "excluded_lines": 0}, "missing_lines": [51, 52, 53], "excluded_lines": []}, "PerformanceMetrics.consistency_score": {"executed_lines": [], "summary": {"covered_lines": 0, "num_statements": 8, "percent_covered": 0.0, "percent_covered_display": "0", "missing_lines": 8, "excluded_lines": 0}, "missing_lines": [58, 61, 64, 65, 67, 70, 71, 73], "excluded_lines": []}, "TimeframeResult.parameter_hash": {"executed_lines": [], "summary": {"covered_lines": 0, "num_statements": 2, "percent_covered": 0.0, "percent_covered_display": "0", "missing_lines": 2, "excluded_lines": 0}, "missing_lines": [89, 90], "excluded_lines": []}, "TimeframePerformanceAnalyzer.__init__": {"executed_lines": [], "summary": {"covered_lines": 0, "num_statements": 3, "percent_covered": 0.0, "percent_covered_display": "0", "missing_lines": 3, "excluded_lines": 0}, "missing_lines": [99, 100, 101], "excluded_lines": []}, "TimeframePerformanceAnalyzer.load_results": {"executed_lines": [], "summary": {"covered_lines": 0, "num_statements": 11, "percent_covered": 0.0, "percent_covered_display": "0", "missing_lines": 11, "excluded_lines": 0}, "missing_lines": [105, 106, 107, 108, 111, 112, 113, 114, 115, 116, 117], "excluded_lines": []}, "TimeframePerformanceAnalyzer._parse_results": {"executed_lines": [], "summary": {"covered_lines": 0, "num_statements": 1, "percent_covered": 0.0, "percent_covered_display": "0", "missing_lines": 1, "excluded_lines": 0}, "missing_lines": [122], "excluded_lines": []}, "TimeframePerformanceAnalyzer.analyze_by_timeframe": {"executed_lines": [], "summary": {"covered_lines": 0, "num_statements": 12, "percent_covered": 0.0, "percent_covered_display": "0", "missing_lines": 12, "excluded_lines": 0}, "missing_lines": [126, 129, 131, 132, 134, 148, 149, 150, 151, 158, 160, 161], "excluded_lines": []}, "TimeframePerformanceAnalyzer.analyze_parameter_sensitivity": {"executed_lines": [], "summary": {"covered_lines": 0, "num_statements": 12, "percent_covered": 0.0, "percent_covered_display": "0", "missing_lines": 12, "excluded_lines": 0}, "missing_lines": [165, 166, 169, 171, 172, 173, 174, 175, 176, 178, 180, 181], "excluded_lines": []}, "TimeframePerformanceAnalyzer.find_robust_configurations": {"executed_lines": [], "summary": {"covered_lines": 0, "num_statements": 21, "percent_covered": 0.0, "percent_covered_display": "0", "missing_lines": 21, "excluded_lines": 0}, "missing_lines": [186, 189, 191, 192, 193, 194, 202, 203, 204, 205, 208, 210, 211, 212, 213, 214, 216, 217, 228, 230, 231], "excluded_lines": []}, "TimeframePerformanceAnalyzer.create_performance_heatmap": {"executed_lines": [], "summary": {"covered_lines": 0, "num_statements": 10, "percent_covered": 0.0, "percent_covered_display": "0", "missing_lines": 10, "excluded_lines": 0}, "missing_lines": [235, 239, 247, 248, 250, 252, 260, 269, 271, 277], "excluded_lines": []}, "TimeframePerformanceAnalyzer.create_timeframe_comparison_chart": {"executed_lines": [], "summary": {"covered_lines": 0, "num_statements": 16, "percent_covered": 0.0, "percent_covered_display": "0", "missing_lines": 16, "excluded_lines": 0}, "missing_lines": [281, 283, 284, 285, 287, 288, 290, 298, 300, 301, 302, 304, 306, 315, 317, 323], "excluded_lines": []}, "TimeframePerformanceAnalyzer.create_drawdown_analysis": {"executed_lines": [], "summary": {"covered_lines": 0, "num_statements": 19, "percent_covered": 0.0, "percent_covered_display": "0", "missing_lines": 19, "excluded_lines": 0}, "missing_lines": [327, 329, 340, 341, 343, 349, 352, 366, 369, 370, 371, 372, 376, 379, 380, 381, 388, 390, 396], "excluded_lines": []}, "TimeframePerformanceAnalyzer.create_return_distribution_plots": {"executed_lines": [], "summary": {"covered_lines": 0, "num_statements": 44, "percent_covered": 0.0, "percent_covered_display": "0", "missing_lines": 44, "excluded_lines": 0}, "missing_lines": [400, 402, 412, 413, 416, 417, 418, 424, 427, 428, 429, 431, 433, 434, 435, 437, 444, 447, 459, 460, 461, 463, 464, 465, 466, 468, 475, 478, 479, 480, 482, 483, 485, 492, 494, 501, 502, 503, 504, 506, 507, 508, 509, 511], "excluded_lines": []}, "TimeframePerformanceAnalyzer._results_to_dataframe": {"executed_lines": [], "summary": {"covered_lines": 0, "num_statements": 11, "percent_covered": 0.0, "percent_covered_display": "0", "missing_lines": 11, "excluded_lines": 0}, "missing_lines": [515, 517, 518, 542, 543, 546, 548, 549, 550, 552, 554], "excluded_lines": []}, "TimeframePerformanceAnalyzer.generate_html_report": {"executed_lines": [], "summary": {"covered_lines": 0, "num_statements": 10, "percent_covered": 0.0, "percent_covered_display": "0", "missing_lines": 10, "excluded_lines": 0}, "missing_lines": [559, 560, 561, 564, 565, 566, 567, 570, 712, 713], "excluded_lines": []}, "TimeframePerformanceAnalyzer._generate_summary_cards": {"executed_lines": [], "summary": {"covered_lines": 0, "num_statements": 19, "percent_covered": 0.0, "percent_covered_display": "0", "missing_lines": 19, "excluded_lines": 0}, "missing_lines": [717, 719, 722, 723, 724, 725, 734, 735, 736, 737, 746, 747, 748, 749, 758, 759, 760, 761, 769], "excluded_lines": []}, "TimeframePerformanceAnalyzer._generate_timeframe_table": {"executed_lines": [], "summary": {"covered_lines": 0, "num_statements": 8, "percent_covered": 0.0, "percent_covered_display": "0", "missing_lines": 8, "excluded_lines": 0}, "missing_lines": [773, 775, 776, 778, 779, 780, 781, 793], "excluded_lines": []}, "TimeframePerformanceAnalyzer._generate_robust_configs_table": {"executed_lines": [], "summary": {"covered_lines": 0, "num_statements": 9, "percent_covered": 0.0, "percent_covered_display": "0", "missing_lines": 9, "excluded_lines": 0}, "missing_lines": [814, 815, 817, 818, 820, 821, 823, 824, 836], "excluded_lines": []}, "TimeframePerformanceAnalyzer._generate_sensitivity_table": {"executed_lines": [], "summary": {"covered_lines": 0, "num_statements": 8, "percent_covered": 0.0, "percent_covered_display": "0", "missing_lines": 8, "excluded_lines": 0}, "missing_lines": [857, 859, 860, 862, 863, 864, 865, 875], "excluded_lines": []}, "TimeframePerformanceAnalyzer._generate_recommendations": {"executed_lines": [], "summary": {"covered_lines": 0, "num_statements": 22, "percent_covered": 0.0, "percent_covered_display": "0", "missing_lines": 22, "excluded_lines": 0}, "missing_lines": [894, 897, 898, 899, 901, 907, 908, 909, 911, 912, 914, 915, 922, 923, 924, 925, 926, 928, 929, 931, 932, 937], "excluded_lines": []}, "main": {"executed_lines": [], "summary": {"covered_lines": 0, "num_statements": 2, "percent_covered": 0.0, "percent_covered_display": "0", "missing_lines": 2, "excluded_lines": 0}, "missing_lines": [948, 956], "excluded_lines": []}, "": {"executed_lines": [], "summary": {"covered_lines": 0, "num_statements": 69, "percent_covered": 0.0, "percent_covered_display": "0", "missing_lines": 69, "excluded_lines": 2}, "missing_lines": [8, 9, 10, 11, 12, 13, 14, 15, 16, 17, 18, 19, 20, 21, 22, 25, 26, 28, 29, 30, 31, 32, 33, 34, 35, 36, 37, 38, 39, 40, 41, 42, 43, 44, 45, 46, 48, 49, 55, 56, 76, 77, 79, 80, 81, 82, 83, 84, 86, 87, 93, 98, 103, 119, 124, 163, 183, 233, 279, 325, 398, 513, 556, 715, 771, 812, 855, 892, 946], "excluded_lines": [959, 960]}}, "classes": {"PerformanceMetrics": {"executed_lines": [], "summary": {"covered_lines": 0, "num_statements": 11, "percent_covered": 0.0, "percent_covered_display": "0", "missing_lines": 11, "excluded_lines": 0}, "missing_lines": [51, 52, 53, 58, 61, 64, 65, 67, 70, 71, 73], "excluded_lines": []}, "TimeframeResult": {"executed_lines": [], "summary": {"covered_lines": 0, "num_statements": 2, "percent_covered": 0.0, "percent_covered_display": "0", "missing_lines": 2, "excluded_lines": 0}, "missing_lines": [89, 90], "excluded_lines": []}, "TimeframePerformanceAnalyzer": {"executed_lines": [], "summary": {"covered_lines": 0, "num_statements": 236, "percent_covered": 0.0, "percent_covered_display": "0", "missing_lines": 236, "excluded_lines": 0}, "missing_lines": [99, 100, 101, 105, 106, 107, 108, 111, 112, 113, 114, 115, 116, 117, 122, 126, 129, 131, 132, 134, 148, 149, 150, 151, 158, 160, 161, 165, 166, 169, 171, 172, 173, 174, 175, 176, 178, 180, 181, 186, 189, 191, 192, 193, 194, 202, 203, 204, 205, 208, 210, 211, 212, 213, 214, 216, 217, 228, 230, 231, 235, 239, 247, 248, 250, 252, 260, 269, 271, 277, 281, 283, 284, 285, 287, 288, 290, 298, 300, 301, 302, 304, 306, 315, 317, 323, 327, 329, 340, 341, 343, 349, 352, 366, 369, 370, 371, 372, 376, 379, 380, 381, 388, 390, 396, 400, 402, 412, 413, 416, 417, 418, 424, 427, 428, 429, 431, 433, 434, 435, 437, 444, 447, 459, 460, 461, 463, 464, 465, 466, 468, 475, 478, 479, 480, 482, 483, 485, 492, 494, 501, 502, 503, 504, 506, 507, 508, 509, 511, 515, 517, 518, 542, 543, 546, 548, 549, 550, 552, 554, 559, 560, 561, 564, 565, 566, 567, 570, 712, 713, 717, 719, 722, 723, 724, 725, 734, 735, 736, 737, 746, 747, 748, 749, 758, 759, 760, 761, 769, 773, 775, 776, 778, 779, 780, 781, 793, 814, 815, 817, 818, 820, 821, 823, 824, 836, 857, 859, 860, 862, 863, 864, 865, 875, 894, 897, 898, 899, 901, 907, 908, 909, 911, 912, 914, 915, 922, 923, 924, 925, 926, 928, 929, 931, 932, 937], "excluded_lines": []}, "": {"executed_lines": [], "summary": {"covered_lines": 0, "num_statements": 71, "percent_covered": 0.0, "percent_covered_display": "0", "missing_lines": 71, "excluded_lines": 2}, "missing_lines": [8, 9, 10, 11, 12, 13, 14, 15, 16, 17, 18, 19, 20, 21, 22, 25, 26, 28, 29, 30, 31, 32, 33, 34, 35, 36, 37, 38, 39, 40, 41, 42, 43, 44, 45, 46, 48, 49, 55, 56, 76, 77, 79, 80, 81, 82, 83, 84, 86, 87, 93, 98, 103, 119, 124, 163, 183, 233, 279, 325, 398, 513, 556, 715, 771, 812, 855, 892, 946, 948, 956], "excluded_lines": [959, 960]}}}, "src/backtesting/__init__.py": {"executed_lines": [1, 3, 4, 5, 6, 7, 8, 11, 13], "summary": {"covered_lines": 8, "num_statements": 8, "percent_covered": 100.0, "percent_covered_display": "100", "missing_lines": 0, "excluded_lines": 0}, "missing_lines": [], "excluded_lines": [], "functions": {"": {"executed_lines": [1, 3, 4, 5, 6, 7, 8, 11, 13], "summary": {"covered_lines": 8, "num_statements": 8, "percent_covered": 100.0, "percent_covered_display": "100", "missing_lines": 0, "excluded_lines": 0}, "missing_lines": [], "excluded_lines": []}}, "classes": {"": {"executed_lines": [1, 3, 4, 5, 6, 7, 8, 11, 13], "summary": {"covered_lines": 8, "num_statements": 8, "percent_covered": 100.0, "percent_covered_display": "100", "missing_lines": 0, "excluded_lines": 0}, "missing_lines": [], "excluded_lines": []}}}, "src/backtesting/engine.py": {"executed_lines": [1, 3, 4, 5, 6, 8, 9, 10, 12, 13, 14, 15, 16, 17, 18, 21, 22, 24, 28, 32, 36, 40, 45, 46, 48, 95, 164, 201, 224, 237, 290, 296, 359, 386, 409, 562, 567], "summary": {"covered_lines": 34, "num_statements": 218, "percent_covered": 15.596330275229358, "percent_covered_display": "16", "missing_lines": 184, "excluded_lines": 0}, "missing_lines": [26, 30, 34, 38, 42, 70, 71, 72, 73, 74, 75, 76, 78, 79, 80, 81, 82, 84, 85, 86, 89, 90, 91, 92, 93, 117, 120, 121, 122, 123, 126, 129, 130, 131, 133, 134, 135, 138, 139, 140, 141, 144, 146, 147, 149, 150, 153, 156, 159, 160, 162, 173, 174, 175, 176, 177, 180, 183, 191, 194, 197, 198, 199, 203, 204, 207, 208, 211, 221, 222, 226, 228, 229, 230, 231, 232, 233, 234, 235, 240, 243, 244, 245, 254, 257, 258, 260, 261, 263, 265, 273, 274, 276, 278, 284, 285, 288, 293, 294, 299, 301, 306, 312, 313, 321, 322, 324, 325, 326, 329, 336, 338, 340, 341, 342, 343, 350, 357, 365, 368, 369, 371, 374, 384, 389, 396, 397, 400, 406, 407, 412, 415, 427, 428, 431, 432, 433, 435, 436, 439, 440, 441, 442, 444, 445, 446, 447, 448, 449, 463, 464, 466, 469, 470, 471, 472, 473, 476, 477, 478, 481, 482, 488, 500, 513, 560, 565, 577, 579, 581, 587, 590, 591, 592, 595, 598, 599, 605, 606, 607, 609, 611, 612, 613], "excluded_lines": [], "functions": {"BacktestResults.__init__": {"executed_lines": [], "summary": {"covered_lines": 0, "num_statements": 1, "percent_covered": 0.0, "percent_covered_display": "0", "missing_lines": 1, "excluded_lines": 0}, "missing_lines": [26], "excluded_lines": []}, "BacktestResults.__getitem__": {"executed_lines": [], "summary": {"covered_lines": 0, "num_statements": 1, "percent_covered": 0.0, "percent_covered_display": "0", "missing_lines": 1, "excluded_lines": 0}, "missing_lines": [30], "excluded_lines": []}, "BacktestResults.__getattr__": {"executed_lines": [], "summary": {"covered_lines": 0, "num_statements": 1, "percent_covered": 0.0, "percent_covered_display": "0", "missing_lines": 1, "excluded_lines": 0}, "missing_lines": [34], "excluded_lines": []}, "BacktestResults.keys": {"executed_lines": [], "summary": {"covered_lines": 0, "num_statements": 1, "percent_covered": 0.0, "percent_covered_display": "0", "missing_lines": 1, "excluded_lines": 0}, "missing_lines": [38], "excluded_lines": []}, "BacktestResults.get": {"executed_lines": [], "summary": {"covered_lines": 0, "num_statements": 1, "percent_covered": 0.0, "percent_covered_display": "0", "missing_lines": 1, "excluded_lines": 0}, "missing_lines": [42], "excluded_lines": []}, "BacktestEngine.__init__": {"executed_lines": [], "summary": {"covered_lines": 0, "num_statements": 20, "percent_covered": 0.0, "percent_covered_display": "0", "missing_lines": 20, "excluded_lines": 0}, "missing_lines": [70, 71, 72, 73, 74, 75, 76, 78, 79, 80, 81, 82, 84, 85, 86, 89, 90, 91, 92, 93], "excluded_lines": []}, "BacktestEngine.run": {"executed_lines": [], "summary": {"covered_lines": 0, "num_statements": 26, "percent_covered": 0.0, "percent_covered_display": "0", "missing_lines": 26, "excluded_lines": 0}, "missing_lines": [117, 120, 121, 122, 123, 126, 129, 130, 131, 133, 134, 135, 138, 139, 140, 141, 144, 146, 147, 149, 150, 153, 156, 159, 160, 162], "excluded_lines": []}, "BacktestEngine._initialize_backtest": {"executed_lines": [], "summary": {"covered_lines": 0, "num_statements": 12, "percent_covered": 0.0, "percent_covered_display": "0", "missing_lines": 12, "excluded_lines": 0}, "missing_lines": [173, 174, 175, 176, 177, 180, 183, 191, 194, 197, 198, 199], "excluded_lines": []}, "BacktestEngine._generate_market_event": {"executed_lines": [], "summary": {"covered_lines": 0, "num_statements": 7, "percent_covered": 0.0, "percent_covered_display": "0", "missing_lines": 7, "excluded_lines": 0}, "missing_lines": [203, 204, 207, 208, 211, 221, 222], "excluded_lines": []}, "BacktestEngine._process_event": {"executed_lines": [], "summary": {"covered_lines": 0, "num_statements": 9, "percent_covered": 0.0, "percent_covered_display": "0", "missing_lines": 9, "excluded_lines": 0}, "missing_lines": [226, 228, 229, 230, 231, 232, 233, 234, 235], "excluded_lines": []}, "BacktestEngine._handle_market_event": {"executed_lines": [], "summary": {"covered_lines": 0, "num_statements": 18, "percent_covered": 0.0, "percent_covered_display": "0", "missing_lines": 18, "excluded_lines": 0}, "missing_lines": [240, 243, 244, 245, 254, 257, 258, 260, 261, 263, 265, 273, 274, 276, 278, 284, 285, 288], "excluded_lines": []}, "BacktestEngine._should_generate_signal": {"executed_lines": [], "summary": {"covered_lines": 0, "num_statements": 2, "percent_covered": 0.0, "percent_covered_display": "0", "missing_lines": 2, "excluded_lines": 0}, "missing_lines": [293, 294], "excluded_lines": []}, "BacktestEngine._handle_signal_event": {"executed_lines": [], "summary": {"covered_lines": 0, "num_statements": 19, "percent_covered": 0.0, "percent_covered_display": "0", "missing_lines": 19, "excluded_lines": 0}, "missing_lines": [299, 301, 306, 312, 313, 321, 322, 324, 325, 326, 329, 336, 338, 340, 341, 342, 343, 350, 357], "excluded_lines": []}, "BacktestEngine._handle_order_event": {"executed_lines": [], "summary": {"covered_lines": 0, "num_statements": 6, "percent_covered": 0.0, "percent_covered_display": "0", "missing_lines": 6, "excluded_lines": 0}, "missing_lines": [365, 368, 369, 371, 374, 384], "excluded_lines": []}, "BacktestEngine._handle_fill_event": {"executed_lines": [], "summary": {"covered_lines": 0, "num_statements": 6, "percent_covered": 0.0, "percent_covered_display": "0", "missing_lines": 6, "excluded_lines": 0}, "missing_lines": [389, 396, 397, 400, 406, 407], "excluded_lines": []}, "BacktestEngine._generate_results": {"executed_lines": [], "summary": {"covered_lines": 0, "num_statements": 36, "percent_covered": 0.0, "percent_covered_display": "0", "missing_lines": 36, "excluded_lines": 0}, "missing_lines": [412, 415, 427, 428, 431, 432, 433, 435, 436, 439, 440, 441, 442, 444, 445, 446, 447, 448, 449, 463, 464, 466, 469, 470, 471, 472, 473, 476, 477, 478, 481, 482, 488, 500, 513, 560], "excluded_lines": []}, "BacktestEngine.plot_results": {"executed_lines": [], "summary": {"covered_lines": 0, "num_statements": 1, "percent_covered": 0.0, "percent_covered_display": "0", "missing_lines": 1, "excluded_lines": 0}, "missing_lines": [565], "excluded_lines": []}, "BacktestEngine._generate_standard_report": {"executed_lines": [], "summary": {"covered_lines": 0, "num_statements": 17, "percent_covered": 0.0, "percent_covered_display": "0", "missing_lines": 17, "excluded_lines": 0}, "missing_lines": [577, 579, 581, 587, 590, 591, 592, 595, 598, 599, 605, 606, 607, 609, 611, 612, 613], "excluded_lines": []}, "": {"executed_lines": [1, 3, 4, 5, 6, 8, 9, 10, 12, 13, 14, 15, 16, 17, 18, 21, 22, 24, 28, 32, 36, 40, 45, 46, 48, 95, 164, 201, 224, 237, 290, 296, 359, 386, 409, 562, 567], "summary": {"covered_lines": 34, "num_statements": 34, "percent_covered": 100.0, "percent_covered_display": "100", "missing_lines": 0, "excluded_lines": 0}, "missing_lines": [], "excluded_lines": []}}, "classes": {"BacktestResults": {"executed_lines": [], "summary": {"covered_lines": 0, "num_statements": 5, "percent_covered": 0.0, "percent_covered_display": "0", "missing_lines": 5, "excluded_lines": 0}, "missing_lines": [26, 30, 34, 38, 42], "excluded_lines": []}, "BacktestEngine": {"executed_lines": [], "summary": {"covered_lines": 0, "num_statements": 179, "percent_covered": 0.0, "percent_covered_display": "0", "missing_lines": 179, "excluded_lines": 0}, "missing_lines": [70, 71, 72, 73, 74, 75, 76, 78, 79, 80, 81, 82, 84, 85, 86, 89, 90, 91, 92, 93, 117, 120, 121, 122, 123, 126, 129, 130, 131, 133, 134, 135, 138, 139, 140, 141, 144, 146, 147, 149, 150, 153, 156, 159, 160, 162, 173, 174, 175, 176, 177, 180, 183, 191, 194, 197, 198, 199, 203, 204, 207, 208, 211, 221, 222, 226, 228, 229, 230, 231, 232, 233, 234, 235, 240, 243, 244, 245, 254, 257, 258, 260, 261, 263, 265, 273, 274, 276, 278, 284, 285, 288, 293, 294, 299, 301, 306, 312, 313, 321, 322, 324, 325, 326, 329, 336, 338, 340, 341, 342, 343, 350, 357, 365, 368, 369, 371, 374, 384, 389, 396, 397, 400, 406, 407, 412, 415, 427, 428, 431, 432, 433, 435, 436, 439, 440, 441, 442, 444, 445, 446, 447, 448, 449, 463, 464, 466, 469, 470, 471, 472, 473, 476, 477, 478, 481, 482, 488, 500, 513, 560, 565, 577, 579, 581, 587, 590, 591, 592, 595, 598, 599, 605, 606, 607, 609, 611, 612, 613], "excluded_lines": []}, "": {"executed_lines": [1, 3, 4, 5, 6, 8, 9, 10, 12, 13, 14, 15, 16, 17, 18, 21, 22, 24, 28, 32, 36, 40, 45, 46, 48, 95, 164, 201, 224, 237, 290, 296, 359, 386, 409, 562, 567], "summary": {"covered_lines": 34, "num_statements": 34, "percent_covered": 100.0, "percent_covered_display": "100", "missing_lines": 0, "excluded_lines": 0}, "missing_lines": [], "excluded_lines": []}}}, "src/backtesting/events.py": {"executed_lines": [1, 3, 4, 5, 6, 7, 8, 11, 12, 13, 14, 15, 16, 19, 20, 21, 23, 24, 26, 27, 32, 33, 34, 36, 37, 38, 39, 40, 42, 46, 47, 48, 50, 51, 52, 53, 54, 56, 60, 61, 62, 64, 65, 66, 67, 68, 70, 74, 75, 76, 78, 79, 80, 81, 82, 84, 88, 89, 91, 96, 101, 105, 109, 113, 117, 126], "summary": {"covered_lines": 58, "num_statements": 78, "percent_covered": 74.35897435897436, "percent_covered_display": "74", "missing_lines": 20, "excluded_lines": 0}, "missing_lines": [29, 43, 57, 71, 85, 93, 94, 98, 99, 103, 107, 111, 115, 119, 120, 121, 122, 123, 124, 128], "excluded_lines": [], "functions": {"Event.get_type": {"executed_lines": [], "summary": {"covered_lines": 0, "num_statements": 1, "percent_covered": 0.0, "percent_covered_display": "0", "missing_lines": 1, "excluded_lines": 0}, "missing_lines": [29], "excluded_lines": []}, "MarketEvent.get_type": {"executed_lines": [], "summary": {"covered_lines": 0, "num_statements": 1, "percent_covered": 0.0, "percent_covered_display": "0", "missing_lines": 1, "excluded_lines": 0}, "missing_lines": [43], "excluded_lines": []}, "SignalEvent.get_type": {"executed_lines": [], "summary": {"covered_lines": 0, "num_statements": 1, "percent_covered": 0.0, "percent_covered_display": "0", "missing_lines": 1, "excluded_lines": 0}, "missing_lines": [57], "excluded_lines": []}, "OrderEvent.get_type": {"executed_lines": [], "summary": {"covered_lines": 0, "num_statements": 1, "percent_covered": 0.0, "percent_covered_display": "0", "missing_lines": 1, "excluded_lines": 0}, "missing_lines": [71], "excluded_lines": []}, "FillEvent.get_type": {"executed_lines": [], "summary": {"covered_lines": 0, "num_statements": 1, "percent_covered": 0.0, "percent_covered_display": "0", "missing_lines": 1, "excluded_lines": 0}, "missing_lines": [85], "excluded_lines": []}, "EventQueue.__init__": {"executed_lines": [], "summary": {"covered_lines": 0, "num_statements": 2, "percent_covered": 0.0, "percent_covered_display": "0", "missing_lines": 2, "excluded_lines": 0}, "missing_lines": [93, 94], "excluded_lines": []}, "EventQueue.put": {"executed_lines": [], "summary": {"covered_lines": 0, "num_statements": 2, "percent_covered": 0.0, "percent_covered_display": "0", "missing_lines": 2, "excluded_lines": 0}, "missing_lines": [98, 99], "excluded_lines": []}, "EventQueue.get": {"executed_lines": [], "summary": {"covered_lines": 0, "num_statements": 1, "percent_covered": 0.0, "percent_covered_display": "0", "missing_lines": 1, "excluded_lines": 0}, "missing_lines": [103], "excluded_lines": []}, "EventQueue.get_nowait": {"executed_lines": [], "summary": {"covered_lines": 0, "num_statements": 1, "percent_covered": 0.0, "percent_covered_display": "0", "missing_lines": 1, "excluded_lines": 0}, "missing_lines": [107], "excluded_lines": []}, "EventQueue.empty": {"executed_lines": [], "summary": {"covered_lines": 0, "num_statements": 1, "percent_covered": 0.0, "percent_covered_display": "0", "missing_lines": 1, "excluded_lines": 0}, "missing_lines": [111], "excluded_lines": []}, "EventQueue.qsize": {"executed_lines": [], "summary": {"covered_lines": 0, "num_statements": 1, "percent_covered": 0.0, "percent_covered_display": "0", "missing_lines": 1, "excluded_lines": 0}, "missing_lines": [115], "excluded_lines": []}, "EventQueue.clear": {"executed_lines": [], "summary": {"covered_lines": 0, "num_statements": 6, "percent_covered": 0.0, "percent_covered_display": "0", "missing_lines": 6, "excluded_lines": 0}, "missing_lines": [119, 120, 121, 122, 123, 124], "excluded_lines": []}, "EventQueue.get_all_events": {"executed_lines": [], "summary": {"covered_lines": 0, "num_statements": 1, "percent_covered": 0.0, "percent_covered_display": "0", "missing_lines": 1, "excluded_lines": 0}, "missing_lines": [128], "excluded_lines": []}, "": {"executed_lines": [1, 3, 4, 5, 6, 7, 8, 11, 12, 13, 14, 15, 16, 19, 20, 21, 23, 24, 26, 27, 32, 33, 34, 36, 37, 38, 39, 40, 42, 46, 47, 48, 50, 51, 52, 53, 54, 56, 60, 61, 62, 64, 65, 66, 67, 68, 70, 74, 75, 76, 78, 79, 80, 81, 82, 84, 88, 89, 91, 96, 101, 105, 109, 113, 117, 126], "summary": {"covered_lines": 58, "num_statements": 58, "percent_covered": 100.0, "percent_covered_display": "100", "missing_lines": 0, "excluded_lines": 0}, "missing_lines": [], "excluded_lines": []}}, "classes": {"EventType": {"executed_lines": [], "summary": {"covered_lines": 0, "num_statements": 0, "percent_covered": 100.0, "percent_covered_display": "100", "missing_lines": 0, "excluded_lines": 0}, "missing_lines": [], "excluded_lines": []}, "Event": {"executed_lines": [], "summary": {"covered_lines": 0, "num_statements": 1, "percent_covered": 0.0, "percent_covered_display": "0", "missing_lines": 1, "excluded_lines": 0}, "missing_lines": [29], "excluded_lines": []}, "MarketEvent": {"executed_lines": [], "summary": {"covered_lines": 0, "num_statements": 1, "percent_covered": 0.0, "percent_covered_display": "0", "missing_lines": 1, "excluded_lines": 0}, "missing_lines": [43], "excluded_lines": []}, "SignalEvent": {"executed_lines": [], "summary": {"covered_lines": 0, "num_statements": 1, "percent_covered": 0.0, "percent_covered_display": "0", "missing_lines": 1, "excluded_lines": 0}, "missing_lines": [57], "excluded_lines": []}, "OrderEvent": {"executed_lines": [], "summary": {"covered_lines": 0, "num_statements": 1, "percent_covered": 0.0, "percent_covered_display": "0", "missing_lines": 1, "excluded_lines": 0}, "missing_lines": [71], "excluded_lines": []}, "FillEvent": {"executed_lines": [], "summary": {"covered_lines": 0, "num_statements": 1, "percent_covered": 0.0, "percent_covered_display": "0", "missing_lines": 1, "excluded_lines": 0}, "missing_lines": [85], "excluded_lines": []}, "EventQueue": {"executed_lines": [], "summary": {"covered_lines": 0, "num_statements": 15, "percent_covered": 0.0, "percent_covered_display": "0", "missing_lines": 15, "excluded_lines": 0}, "missing_lines": [93, 94, 98, 99, 103, 107, 111, 115, 119, 120, 121, 122, 123, 124, 128], "excluded_lines": []}, "": {"executed_lines": [1, 3, 4, 5, 6, 7, 8, 11, 12, 13, 14, 15, 16, 19, 20, 21, 23, 24, 26, 27, 32, 33, 34, 36, 37, 38, 39, 40, 42, 46, 47, 48, 50, 51, 52, 53, 54, 56, 60, 61, 62, 64, 65, 66, 67, 68, 70, 74, 75, 76, 78, 79, 80, 81, 82, 84, 88, 89, 91, 96, 101, 105, 109, 113, 117, 126], "summary": {"covered_lines": 58, "num_statements": 58, "percent_covered": 100.0, "percent_covered_display": "100", "missing_lines": 0, "excluded_lines": 0}, "missing_lines": [], "excluded_lines": []}}}, "src/backtesting/ml_integration.py": {"executed_lines": [], "summary": {"covered_lines": 0, "num_statements": 198, "percent_covered": 0.0, "percent_covered_display": "0", "missing_lines": 198, "excluded_lines": 0}, "missing_lines": [8, 9, 10, 11, 12, 14, 15, 16, 17, 20, 21, 23, 24, 25, 26, 27, 28, 29, 30, 31, 32, 35, 47, 59, 61, 62, 65, 66, 67, 68, 71, 72, 74, 96, 97, 99, 100, 109, 110, 112, 121, 122, 123, 124, 126, 128, 131, 140, 146, 147, 155, 156, 157, 160, 161, 166, 168, 178, 179, 180, 181, 184, 185, 186, 188, 191, 192, 194, 196, 198, 199, 202, 203, 206, 207, 210, 211, 214, 221, 224, 230, 233, 241, 244, 246, 248, 251, 254, 255, 258, 259, 260, 266, 267, 268, 271, 272, 274, 277, 280, 282, 283, 284, 287, 288, 291, 294, 296, 298, 310, 317, 324, 335, 336, 338, 341, 342, 343, 345, 348, 349, 350, 353, 356, 357, 360, 361, 362, 364, 380, 382, 383, 385, 390, 406, 408, 409, 412, 413, 414, 415, 416, 417, 420, 426, 430, 432, 434, 435, 437, 440, 441, 444, 445, 446, 448, 449, 450, 451, 452, 454, 455, 458, 459, 460, 466, 473, 475, 477, 478, 479, 481, 482, 484, 485, 487, 490, 491, 492, 497, 499, 501, 502, 504, 505, 506, 509, 516, 523, 524, 526, 534, 541, 544, 548, 554, 555, 557], "excluded_lines": [], "functions": {"MLBacktestEngine.__init__": {"executed_lines": [], "summary": {"covered_lines": 0, "num_statements": 9, "percent_covered": 0.0, "percent_covered_display": "0", "missing_lines": 9, "excluded_lines": 0}, "missing_lines": [59, 61, 62, 65, 66, 67, 68, 71, 72], "excluded_lines": []}, "MLBacktestEngine.run_ml_backtest": {"executed_lines": [], "summary": {"covered_lines": 0, "num_statements": 12, "percent_covered": 0.0, "percent_covered_display": "0", "missing_lines": 12, "excluded_lines": 0}, "missing_lines": [96, 97, 99, 100, 109, 110, 112, 121, 122, 123, 124, 126], "excluded_lines": []}, "MLBacktestEngine._prepare_ml_data": {"executed_lines": [], "summary": {"covered_lines": 0, "num_statements": 10, "percent_covered": 0.0, "percent_covered_display": "0", "missing_lines": 10, "excluded_lines": 0}, "missing_lines": [131, 140, 146, 147, 155, 156, 157, 160, 161, 166], "excluded_lines": []}, "MLBacktestEngine._run_walk_forward_backtest": {"executed_lines": [], "summary": {"covered_lines": 0, "num_statements": 28, "percent_covered": 0.0, "percent_covered_display": "0", "missing_lines": 28, "excluded_lines": 0}, "missing_lines": [178, 179, 180, 181, 184, 185, 186, 188, 191, 192, 194, 196, 198, 199, 202, 203, 206, 207, 210, 211, 214, 221, 224, 230, 233, 241, 244, 246], "excluded_lines": []}, "MLBacktestEngine._train_ml_strategy": {"executed_lines": [], "summary": {"covered_lines": 0, "num_statements": 11, "percent_covered": 0.0, "percent_covered_display": "0", "missing_lines": 11, "excluded_lines": 0}, "missing_lines": [251, 254, 255, 258, 259, 260, 266, 267, 268, 271, 272], "excluded_lines": []}, "MLBacktestEngine._handle_market_event": {"executed_lines": [], "summary": {"covered_lines": 0, "num_statements": 16, "percent_covered": 0.0, "percent_covered_display": "0", "missing_lines": 16, "excluded_lines": 0}, "missing_lines": [277, 280, 282, 283, 284, 287, 288, 291, 294, 296, 298, 310, 317, 324, 335, 336], "excluded_lines": []}, "MLBacktestEngine._aggregate_walk_forward_results": {"executed_lines": [], "summary": {"covered_lines": 0, "num_statements": 14, "percent_covered": 0.0, "percent_covered_display": "0", "missing_lines": 14, "excluded_lines": 0}, "missing_lines": [341, 342, 343, 345, 348, 349, 350, 353, 356, 357, 360, 361, 362, 364], "excluded_lines": []}, "MLBacktestEngine._calculate_ml_metrics": {"executed_lines": [], "summary": {"covered_lines": 0, "num_statements": 4, "percent_covered": 0.0, "percent_covered_display": "0", "missing_lines": 4, "excluded_lines": 0}, "missing_lines": [382, 383, 385, 390], "excluded_lines": []}, "MLBacktestEngine._aggregate_feature_importance": {"executed_lines": [], "summary": {"covered_lines": 0, "num_statements": 11, "percent_covered": 0.0, "percent_covered_display": "0", "missing_lines": 11, "excluded_lines": 0}, "missing_lines": [408, 409, 412, 413, 414, 415, 416, 417, 420, 426, 430], "excluded_lines": []}, "MLBacktestEngine._analyze_regimes": {"executed_lines": [], "summary": {"covered_lines": 0, "num_statements": 19, "percent_covered": 0.0, "percent_covered_display": "0", "missing_lines": 19, "excluded_lines": 0}, "missing_lines": [434, 435, 437, 440, 441, 444, 445, 446, 448, 449, 450, 451, 452, 454, 455, 458, 459, 460, 466], "excluded_lines": []}, "MLBacktestEngine._calculate_regime_transitions": {"executed_lines": [], "summary": {"covered_lines": 0, "num_statements": 13, "percent_covered": 0.0, "percent_covered_display": "0", "missing_lines": 13, "excluded_lines": 0}, "missing_lines": [475, 477, 478, 479, 481, 482, 484, 485, 487, 490, 491, 492, 497], "excluded_lines": []}, "MLBacktestEngine._analyze_predictions": {"executed_lines": [], "summary": {"covered_lines": 0, "num_statements": 10, "percent_covered": 0.0, "percent_covered_display": "0", "missing_lines": 10, "excluded_lines": 0}, "missing_lines": [501, 502, 504, 505, 506, 509, 516, 523, 524, 526], "excluded_lines": []}, "MLBacktestEngine._remove_correlated_features": {"executed_lines": [], "summary": {"covered_lines": 0, "num_statements": 6, "percent_covered": 0.0, "percent_covered_display": "0", "missing_lines": 6, "excluded_lines": 0}, "missing_lines": [541, 544, 548, 554, 555, 557], "excluded_lines": []}, "": {"executed_lines": [], "summary": {"covered_lines": 0, "num_statements": 35, "percent_covered": 0.0, "percent_covered_display": "0", "missing_lines": 35, "excluded_lines": 0}, "missing_lines": [8, 9, 10, 11, 12, 14, 15, 16, 17, 20, 21, 23, 24, 25, 26, 27, 28, 29, 30, 31, 32, 35, 47, 74, 128, 168, 248, 274, 338, 380, 406, 432, 473, 499, 534], "excluded_lines": []}}, "classes": {"MLBacktestConfig": {"executed_lines": [], "summary": {"covered_lines": 0, "num_statements": 0, "percent_covered": 100.0, "percent_covered_display": "100", "missing_lines": 0, "excluded_lines": 0}, "missing_lines": [], "excluded_lines": []}, "MLBacktestEngine": {"executed_lines": [], "summary": {"covered_lines": 0, "num_statements": 163, "percent_covered": 0.0, "percent_covered_display": "0", "missing_lines": 163, "excluded_lines": 0}, "missing_lines": [59, 61, 62, 65, 66, 67, 68, 71, 72, 96, 97, 99, 100, 109, 110, 112, 121, 122, 123, 124, 126, 131, 140, 146, 147, 155, 156, 157, 160, 161, 166, 178, 179, 180, 181, 184, 185, 186, 188, 191, 192, 194, 196, 198, 199, 202, 203, 206, 207, 210, 211, 214, 221, 224, 230, 233, 241, 244, 246, 251, 254, 255, 258, 259, 260, 266, 267, 268, 271, 272, 277, 280, 282, 283, 284, 287, 288, 291, 294, 296, 298, 310, 317, 324, 335, 336, 341, 342, 343, 345, 348, 349, 350, 353, 356, 357, 360, 361, 362, 364, 382, 383, 385, 390, 408, 409, 412, 413, 414, 415, 416, 417, 420, 426, 430, 434, 435, 437, 440, 441, 444, 445, 446, 448, 449, 450, 451, 452, 454, 455, 458, 459, 460, 466, 475, 477, 478, 479, 481, 482, 484, 485, 487, 490, 491, 492, 497, 501, 502, 504, 505, 506, 509, 516, 523, 524, 526, 541, 544, 548, 554, 555, 557], "excluded_lines": []}, "": {"executed_lines": [], "summary": {"covered_lines": 0, "num_statements": 35, "percent_covered": 0.0, "percent_covered_display": "0", "missing_lines": 35, "excluded_lines": 0}, "missing_lines": [8, 9, 10, 11, 12, 14, 15, 16, 17, 20, 21, 23, 24, 25, 26, 27, 28, 29, 30, 31, 32, 35, 47, 74, 128, 168, 248, 274, 338, 380, 406, 432, 473, 499, 534], "excluded_lines": []}}}, "src/backtesting/order.py": {"executed_lines": [1, 3, 4, 5, 6, 9, 10, 11, 12, 13, 14, 15, 18, 19, 20, 21, 24, 25, 26, 27, 28, 29, 30, 31, 34, 35, 36, 38, 39, 40, 41, 42, 43, 44, 45, 46, 47, 48, 49, 50, 51, 52, 53, 55, 59, 63, 67, 71, 75, 102, 107, 114, 115, 119, 120], "summary": {"covered_lines": 50, "num_statements": 72, "percent_covered": 69.44444444444444, "percent_covered_display": "69", "missing_lines": 22, "excluded_lines": 0}, "missing_lines": [57, 61, 65, 69, 73, 85, 86, 89, 90, 92, 94, 97, 98, 100, 104, 105, 109, 110, 111, 112, 117, 122], "excluded_lines": [], "functions": {"Order.is_buy": {"executed_lines": [], "summary": {"covered_lines": 0, "num_statements": 1, "percent_covered": 0.0, "percent_covered_display": "0", "missing_lines": 1, "excluded_lines": 0}, "missing_lines": [57], "excluded_lines": []}, "Order.is_sell": {"executed_lines": [], "summary": {"covered_lines": 0, "num_statements": 1, "percent_covered": 0.0, "percent_covered_display": "0", "missing_lines": 1, "excluded_lines": 0}, "missing_lines": [61], "excluded_lines": []}, "Order.is_filled": {"executed_lines": [], "summary": {"covered_lines": 0, "num_statements": 1, "percent_covered": 0.0, "percent_covered_display": "0", "missing_lines": 1, "excluded_lines": 0}, "missing_lines": [65], "excluded_lines": []}, "Order.is_active": {"executed_lines": [], "summary": {"covered_lines": 0, "num_statements": 1, "percent_covered": 0.0, "percent_covered_display": "0", "missing_lines": 1, "excluded_lines": 0}, "missing_lines": [69], "excluded_lines": []}, "Order.remaining_quantity": {"executed_lines": [], "summary": {"covered_lines": 0, "num_statements": 1, "percent_covered": 0.0, "percent_covered_display": "0", "missing_lines": 1, "excluded_lines": 0}, "missing_lines": [73], "excluded_lines": []}, "Order.fill": {"executed_lines": [], "summary": {"covered_lines": 0, "num_statements": 9, "percent_covered": 0.0, "percent_covered_display": "0", "missing_lines": 9, "excluded_lines": 0}, "missing_lines": [85, 86, 89, 90, 92, 94, 97, 98, 100], "excluded_lines": []}, "Order.cancel": {"executed_lines": [], "summary": {"covered_lines": 0, "num_statements": 2, "percent_covered": 0.0, "percent_covered_display": "0", "missing_lines": 2, "excluded_lines": 0}, "missing_lines": [104, 105], "excluded_lines": []}, "Order.reject": {"executed_lines": [], "summary": {"covered_lines": 0, "num_statements": 4, "percent_covered": 0.0, "percent_covered_display": "0", "missing_lines": 4, "excluded_lines": 0}, "missing_lines": [109, 110, 111, 112], "excluded_lines": []}, "Order.id": {"executed_lines": [], "summary": {"covered_lines": 0, "num_statements": 1, "percent_covered": 0.0, "percent_covered_display": "0", "missing_lines": 1, "excluded_lines": 0}, "missing_lines": [117], "excluded_lines": []}, "Order.fill_price": {"executed_lines": [], "summary": {"covered_lines": 0, "num_statements": 1, "percent_covered": 0.0, "percent_covered_display": "0", "missing_lines": 1, "excluded_lines": 0}, "missing_lines": [122], "excluded_lines": []}, "": {"executed_lines": [1, 3, 4, 5, 6, 9, 10, 11, 12, 13, 14, 15, 18, 19, 20, 21, 24, 25, 26, 27, 28, 29, 30, 31, 34, 35, 36, 38, 39, 40, 41, 42, 43, 44, 45, 46, 47, 48, 49, 50, 51, 52, 53, 55, 59, 63, 67, 71, 75, 102, 107, 114, 115, 119, 120], "summary": {"covered_lines": 50, "num_statements": 50, "percent_covered": 100.0, "percent_covered_display": "100", "missing_lines": 0, "excluded_lines": 0}, "missing_lines": [], "excluded_lines": []}}, "classes": {"OrderType": {"executed_lines": [], "summary": {"covered_lines": 0, "num_statements": 0, "percent_covered": 100.0, "percent_covered_display": "100", "missing_lines": 0, "excluded_lines": 0}, "missing_lines": [], "excluded_lines": []}, "OrderSide": {"executed_lines": [], "summary": {"covered_lines": 0, "num_statements": 0, "percent_covered": 100.0, "percent_covered_display": "100", "missing_lines": 0, "excluded_lines": 0}, "missing_lines": [], "excluded_lines": []}, "OrderStatus": {"executed_lines": [], "summary": {"covered_lines": 0, "num_statements": 0, "percent_covered": 100.0, "percent_covered_display": "100", "missing_lines": 0, "excluded_lines": 0}, "missing_lines": [], "excluded_lines": []}, "Order": {"executed_lines": [], "summary": {"covered_lines": 0, "num_statements": 22, "percent_covered": 0.0, "percent_covered_display": "0", "missing_lines": 22, "excluded_lines": 0}, "missing_lines": [57, 61, 65, 69, 73, 85, 86, 89, 90, 92, 94, 97, 98, 100, 104, 105, 109, 110, 111, 112, 117, 122], "excluded_lines": []}, "": {"executed_lines": [1, 3, 4, 5, 6, 9, 10, 11, 12, 13, 14, 15, 18, 19, 20, 21, 24, 25, 26, 27, 28, 29, 30, 31, 34, 35, 36, 38, 39, 40, 41, 42, 43, 44, 45, 46, 47, 48, 49, 50, 51, 52, 53, 55, 59, 63, 67, 71, 75, 102, 107, 114, 115, 119, 120], "summary": {"covered_lines": 50, "num_statements": 50, "percent_covered": 100.0, "percent_covered_display": "100", "missing_lines": 0, "excluded_lines": 0}, "missing_lines": [], "excluded_lines": []}}}, "src/backtesting/portfolio.py": {"executed_lines": [1, 3, 4, 5, 6, 8, 9, 11, 12, 15, 16, 17, 19, 20, 21, 22, 23, 24, 25, 26, 29, 30, 32, 83, 90, 107, 127, 133, 139, 143, 148, 152, 156, 190, 256, 313, 329, 400, 432, 443, 468, 493, 518, 535, 539, 543, 564, 579, 590, 595, 615, 629, 649, 659], "summary": {"covered_lines": 51, "num_statements": 282, "percent_covered": 18.085106382978722, "percent_covered_display": "18", "missing_lines": 231, "excluded_lines": 0}, "missing_lines": [52, 53, 54, 55, 56, 57, 58, 59, 61, 62, 63, 64, 65, 66, 67, 68, 70, 71, 72, 73, 74, 76, 77, 78, 81, 85, 88, 100, 102, 103, 105, 117, 118, 119, 121, 122, 124, 125, 129, 135, 141, 145, 150, 154, 175, 177, 180, 181, 184, 185, 186, 188, 218, 220, 221, 222, 223, 224, 225, 227, 228, 229, 230, 232, 234, 235, 237, 240, 241, 244, 245, 246, 247, 250, 251, 252, 254, 282, 283, 284, 285, 286, 287, 288, 289, 292, 294, 296, 308, 309, 311, 323, 324, 325, 326, 327, 346, 347, 350, 351, 352, 353, 354, 356, 357, 358, 359, 360, 363, 364, 365, 367, 370, 371, 374, 375, 376, 377, 378, 381, 382, 383, 384, 385, 387, 388, 389, 390, 393, 396, 398, 408, 409, 412, 413, 415, 416, 419, 420, 422, 425, 426, 429, 430, 439, 440, 441, 450, 452, 453, 455, 457, 463, 464, 466, 470, 475, 479, 490, 491, 495, 496, 498, 499, 501, 520, 521, 523, 524, 526, 527, 528, 529, 530, 532, 537, 541, 545, 547, 548, 550, 551, 552, 554, 555, 556, 558, 561, 562, 566, 567, 568, 570, 581, 582, 584, 585, 586, 588, 593, 597, 598, 600, 601, 603, 617, 618, 620, 621, 623, 624, 626, 627, 631, 632, 634, 635, 637, 638, 640, 641, 643, 644, 646, 647, 651, 652, 654, 655, 657, 661], "excluded_lines": [], "functions": {"Portfolio.__init__": {"executed_lines": []
[...]
": [], "summary": {"covered_lines": 0, "num_statements": 12, "percent_covered": 0.0, "percent_covered_display": "0", "missing_lines": 12, "excluded_lines": 0}, "missing_lines": [677, 678, 679, 681, 682, 683, 684, 685, 686, 687, 688, 695], "excluded_lines": []}, "PerformanceAnalysisReport.save_all_figures": {"executed_lines": [], "summary": {"covered_lines": 0, "num_statements": 7, "percent_covered": 0.0, "percent_covered_display": "0", "missing_lines": 7, "excluded_lines": 0}, "missing_lines": [703, 704, 706, 707, 708, 713, 715], "excluded_lines": []}, "": {"executed_lines": [], "summary": {"covered_lines": 0, "num_statements": 24, "percent_covered": 0.0, "percent_covered_display": "0", "missing_lines": 24, "excluded_lines": 0}, "missing_lines": [8, 9, 10, 11, 12, 13, 14, 15, 16, 18, 19, 21, 26, 35, 77, 146, 207, 287, 409, 483, 581, 661, 671, 697], "excluded_lines": []}}, "classes": {"PerformanceAnalysisReport": {"executed_lines": [], "summary": {"covered_lines": 0, "num_statements": 175, "percent_covered": 0.0, "percent_covered_display": "0", "missing_lines": 175, "excluded_lines": 0}, "missing_lines": [28, 52, 55, 58, 61, 64, 67, 70, 73, 75, 79, 82, 102, 111, 119, 120, 121, 123, 125, 137, 144, 148, 149, 152, 158, 159, 161, 162, 163, 164, 165, 166, 168, 169, 172, 185, 188, 189, 197, 205, 210, 211, 214, 217, 226, 237, 238, 239, 249, 262, 263, 265, 274, 275, 276, 278, 285, 289, 291, 302, 314, 315, 318, 319, 321, 324, 335, 336, 337, 338, 342, 354, 358, 361, 373, 374, 375, 378, 390, 391, 392, 393, 395, 396, 397, 398, 400, 407, 415, 416, 417, 420, 422, 423, 424, 425, 429, 432, 445, 446, 449, 450, 462, 463, 464, 465, 468, 469, 470, 471, 472, 474, 481, 485, 487, 498, 509, 512, 524, 525, 527, 533, 535, 547, 551, 562, 563, 564, 565, 567, 568, 569, 570, 572, 579, 584, 587, 595, 600, 610, 611, 623, 624, 635, 636, 647, 648, 649, 650, 652, 659, 663, 664, 666, 667, 669, 677, 678, 679, 681, 682, 683, 684, 685, 686, 687, 688, 695, 703, 704, 706, 707, 708, 713, 715], "excluded_lines": []}, "": {"executed_lines": [], "summary": {"covered_lines": 0, "num_statements": 24, "percent_covered": 0.0, "percent_covered_display": "0", "missing_lines": 24, "excluded_lines": 0}, "missing_lines": [8, 9, 10, 11, 12, 13, 14, 15, 16, 18, 19, 21, 26, 35, 77, 146, 207, 287, 409, 483, 581, 661, 671, 697], "excluded_lines": []}}}, "src/visualization/real_data_chart_generator.py": {"executed_lines": [], "summary": {"covered_lines": 0, "num_statements": 78, "percent_covered": 0.0, "percent_covered_display": "0", "missing_lines": 78, "excluded_lines": 11}, "missing_lines": [6, 7, 8, 9, 10, 11, 12, 14, 17, 19, 20, 22, 24, 25, 26, 28, 30, 49, 50, 52, 53, 55, 58, 59, 60, 61, 64, 65, 66, 75, 76, 77, 84, 87, 88, 89, 90, 93, 94, 95, 96, 99, 100, 103, 105, 123, 125, 126, 127, 131, 133, 135, 136, 139, 140, 141, 143, 144, 153, 154, 162, 164, 170, 172, 173, 174, 176, 178, 180, 182, 183, 184, 185, 186, 193, 196, 198, 211], "excluded_lines": [224, 226, 227, 230, 233, 236, 237, 239, 241, 242, 243], "functions": {"RealDataChartGenerator.__init__": {"executed_lines": [], "summary": {"covered_lines": 0, "num_statements": 2, "percent_covered": 0.0, "percent_covered_display": "0", "missing_lines": 2, "excluded_lines": 0}, "missing_lines": [19, 20], "excluded_lines": []}, "RealDataChartGenerator._load_data": {"executed_lines": [], "summary": {"covered_lines": 0, "num_statements": 4, "percent_covered": 0.0, "percent_covered_display": "0", "missing_lines": 4, "excluded_lines": 0}, "missing_lines": [24, 25, 26, 28], "excluded_lines": []}, "RealDataChartGenerator.prepare_chart_data": {"executed_lines": [], "summary": {"covered_lines": 0, "num_statements": 28, "percent_covered": 0.0, "percent_covered_display": "0", "missing_lines": 28, "excluded_lines": 0}, "missing_lines": [49, 50, 52, 53, 55, 58, 59, 60, 61, 64, 65, 66, 75, 76, 77, 84, 87, 88, 89, 90, 93, 94, 95, 96, 99, 100, 103, 105], "excluded_lines": []}, "RealDataChartGenerator._prepare_line_data": {"executed_lines": [], "summary": {"covered_lines": 0, "num_statements": 4, "percent_covered": 0.0, "percent_covered_display": "0", "missing_lines": 4, "excluded_lines": 0}, "missing_lines": [125, 126, 127, 131], "excluded_lines": []}, "RealDataChartGenerator._generate_trading_signals": {"executed_lines": [], "summary": {"covered_lines": 0, "num_statements": 10, "percent_covered": 0.0, "percent_covered_display": "0", "missing_lines": 10, "excluded_lines": 0}, "missing_lines": [135, 136, 139, 140, 141, 143, 144, 153, 154, 162], "excluded_lines": []}, "RealDataChartGenerator.generate_multi_timeframe_view": {"executed_lines": [], "summary": {"covered_lines": 0, "num_statements": 5, "percent_covered": 0.0, "percent_covered_display": "0", "missing_lines": 5, "excluded_lines": 0}, "missing_lines": [170, 172, 173, 174, 176], "excluded_lines": []}, "RealDataChartGenerator.get_market_overview": {"executed_lines": [], "summary": {"covered_lines": 0, "num_statements": 7, "percent_covered": 0.0, "percent_covered_display": "0", "missing_lines": 7, "excluded_lines": 0}, "missing_lines": [180, 182, 183, 184, 185, 186, 193], "excluded_lines": []}, "generate_javascript_data": {"executed_lines": [], "summary": {"covered_lines": 0, "num_statements": 2, "percent_covered": 0.0, "percent_covered_display": "0", "missing_lines": 2, "excluded_lines": 0}, "missing_lines": [198, 211], "excluded_lines": []}, "": {"executed_lines": [], "summary": {"covered_lines": 0, "num_statements": 16, "percent_covered": 0.0, "percent_covered_display": "0", "missing_lines": 16, "excluded_lines": 11}, "missing_lines": [6, 7, 8, 9, 10, 11, 12, 14, 17, 22, 30, 123, 133, 164, 178, 196], "excluded_lines": [224, 226, 227, 230, 233, 236, 237, 239, 241, 242, 243]}}, "classes": {"RealDataChartGenerator": {"executed_lines": [], "summary": {"covered_lines": 0, "num_statements": 60, "percent_covered": 0.0, "percent_covered_display": "0", "missing_lines": 60, "excluded_lines": 0}, "missing_lines": [19, 20, 24, 25, 26, 28, 49, 50, 52, 53, 55, 58, 59, 60, 61, 64, 65, 66, 75, 76, 77, 84, 87, 88, 89, 90, 93, 94, 95, 96, 99, 100, 103, 105, 125, 126, 127, 131, 135, 136, 139, 140, 141, 143, 144, 153, 154, 162, 170, 172, 173, 174, 176, 180, 182, 183, 184, 185, 186, 193], "excluded_lines": []}, "": {"executed_lines": [], "summary": {"covered_lines": 0, "num_statements": 18, "percent_covered": 0.0, "percent_covered_display": "0", "missing_lines": 18, "excluded_lines": 11}, "missing_lines": [6, 7, 8, 9, 10, 11, 12, 14, 17, 22, 30, 123, 133, 164, 178, 196, 198, 211], "excluded_lines": [224, 226, 227, 230, 233, 236, 237, 239, 241, 242, 243]}}}, "src/visualization/supertrend_dashboard.py": {"executed_lines": [], "summary": {"covered_lines": 0, "num_statements": 142, "percent_covered": 0.0, "percent_covered_display": "0", "missing_lines": 142, "excluded_lines": 0}, "missing_lines": [7, 8, 9, 10, 11, 12, 13, 14, 15, 18, 21, 22, 23, 25, 33, 53, 63, 65, 66, 67, 70, 71, 73, 74, 77, 90, 91, 92, 93, 95, 109, 110, 111, 112, 124, 125, 127, 128, 130, 141, 143, 144, 145, 146, 147, 153, 154, 155, 174, 175, 176, 177, 187, 206, 220, 221, 222, 223, 224, 225, 226, 227, 230, 231, 234, 287, 288, 290, 292, 300, 316, 331, 332, 344, 357, 358, 371, 380, 386, 397, 398, 410, 411, 424, 425, 427, 428, 443, 444, 460, 472, 480, 481, 482, 483, 484, 485, 486, 487, 490, 491, 492, 494, 496, 504, 507, 515, 528, 537, 538, 539, 541, 543, 550, 563, 564, 565, 566, 574, 575, 578, 598, 611, 622, 632, 633, 634, 635, 637, 641, 650, 653, 661, 662, 663, 664, 665, 666, 669, 670, 671, 673], "excluded_lines": [], "functions": {"SuperTrendDashboard.__init__": {"executed_lines": [], "summary": {"covered_lines": 0, "num_statements": 2, "percent_covered": 0.0, "percent_covered_display": "0", "missing_lines": 2, "excluded_lines": 0}, "missing_lines": [22, 23], "excluded_lines": []}, "SuperTrendDashboard.create_performance_dashboard": {"executed_lines": [], "summary": {"covered_lines": 0, "num_statements": 54, "percent_covered": 0.0, "percent_covered_display": "0", "missing_lines": 54, "excluded_lines": 0}, "missing_lines": [33, 53, 63, 65, 66, 67, 70, 71, 73, 74, 77, 90, 91, 92, 93, 95, 109, 110, 111, 112, 124, 125, 127, 128, 130, 141, 143, 144, 145, 146, 147, 153, 154, 155, 174, 175, 176, 177, 187, 206, 220, 221, 222, 223, 224, 225, 226, 227, 230, 231, 234, 287, 288, 290], "excluded_lines": []}, "SuperTrendDashboard.create_signal_analysis_dashboard": {"executed_lines": [], "summary": {"covered_lines": 0, "num_statements": 34, "percent_covered": 0.0, "percent_covered_display": "0", "missing_lines": 34, "excluded_lines": 0}, "missing_lines": [300, 316, 331, 332, 344, 357, 358, 371, 380, 386, 397, 398, 410, 411, 424, 425, 427, 428, 443, 444, 460, 472, 480, 481, 482, 483, 484, 485, 486, 487, 490, 491, 492, 494], "excluded_lines": []}, "SuperTrendDashboard.create_optimization_heatmap": {"executed_lines": [], "summary": {"covered_lines": 0, "num_statements": 8, "percent_covered": 0.0, "percent_covered_display": "0", "missing_lines": 8, "excluded_lines": 0}, "missing_lines": [504, 507, 515, 528, 537, 538, 539, 541], "excluded_lines": []}, "SuperTrendDashboard.create_risk_analysis_dashboard": {"executed_lines": [], "summary": {"covered_lines": 0, "num_statements": 29, "percent_covered": 0.0, "percent_covered_display": "0", "missing_lines": 29, "excluded_lines": 0}, "missing_lines": [550, 563, 564, 565, 566, 574, 575, 578, 598, 611, 622, 632, 633, 634, 635, 637, 641, 650, 653, 661, 662, 663, 664, 665, 666, 669, 670, 671, 673], "excluded_lines": []}, "": {"executed_lines": [], "summary": {"covered_lines": 0, "num_statements": 15, "percent_covered": 0.0, "percent_covered_display": "0", "missing_lines": 15, "excluded_lines": 0}, "missing_lines": [7, 8, 9, 10, 11, 12, 13, 14, 15, 18, 21, 25, 292, 496, 543], "excluded_lines": []}}, "classes": {"SuperTrendDashboard": {"executed_lines": [], "summary": {"covered_lines": 0, "num_statements": 127, "percent_covered": 0.0, "percent_covered_display": "0", "missing_lines": 127, "excluded_lines": 0}, "missing_lines": [22, 23, 33, 53, 63, 65, 66, 67, 70, 71, 73, 74, 77, 90, 91, 92, 93, 95, 109, 110, 111, 112, 124, 125, 127, 128, 130, 141, 143, 144, 145, 146, 147, 153, 154, 155, 174, 175, 176, 177, 187, 206, 220, 221, 222, 223, 224, 225, 226, 227, 230, 231, 234, 287, 288, 290, 300, 316, 331, 332, 344, 357, 358, 371, 380, 386, 397, 398, 410, 411, 424, 425, 427, 428, 443, 444, 460, 472, 480, 481, 482, 483, 484, 485, 486, 487, 490, 491, 492, 494, 504, 507, 515, 528, 537, 538, 539, 541, 550, 563, 564, 565, 566, 574, 575, 578, 598, 611, 622, 632, 633, 634, 635, 637, 641, 650, 653, 661, 662, 663, 664, 665, 666, 669, 670, 671, 673], "excluded_lines": []}, "": {"executed_lines": [], "summary": {"covered_lines": 0, "num_statements": 15, "percent_covered": 0.0, "percent_covered_display": "0", "missing_lines": 15, "excluded_lines": 0}, "missing_lines": [7, 8, 9, 10, 11, 12, 13, 14, 15, 18, 21, 25, 292, 496, 543], "excluded_lines": []}}}, "src/visualization/timeframe_charts.py": {"executed_lines": [], "summary": {"covered_lines": 0, "num_statements": 119, "percent_covered": 0.0, "percent_covered_display": "0", "missing_lines": 119, "excluded_lines": 0}, "missing_lines": [8, 9, 10, 11, 12, 13, 14, 15, 17, 18, 20, 25, 27, 35, 49, 50, 52, 53, 56, 57, 60, 61, 62, 63, 66, 68, 69, 80, 97, 99, 113, 115, 116, 117, 118, 119, 122, 123, 124, 126, 137, 149, 151, 165, 166, 168, 169, 170, 172, 173, 175, 176, 177, 178, 181, 183, 185, 187, 196, 212, 214, 228, 230, 231, 232, 233, 234, 235, 238, 249, 250, 251, 252, 254, 255, 256, 257, 258, 259, 262, 263, 274, 285, 296, 297, 298, 309, 310, 314, 315, 316, 317, 319, 320, 321, 322, 325, 332, 334, 348, 349, 350, 351, 352, 354, 355, 357, 360, 363, 376, 383, 385, 391, 392, 394, 395, 396, 401, 403], "excluded_lines": [], "functions": {"TimeframeCharts.__init__": {"executed_lines": [], "summary": {"covered_lines": 0, "num_statements": 1, "percent_covered": 0.0, "percent_covered_display": "0", "missing_lines": 1, "excluded_lines": 0}, "missing_lines": [27], "excluded_lines": []}, "TimeframeCharts.create_timeframe_participation_chart": {"executed_lines": [], "summary": {"covered_lines": 0, "num_statements": 15, "percent_covered": 0.0, "percent_covered_display": "0", "missing_lines": 15, "excluded_lines": 0}, "missing_lines": [49, 50, 52, 53, 56, 57, 60, 61, 62, 63, 66, 68, 69, 80, 97], "excluded_lines": []}, "TimeframeCharts.create_timeframe_importance_pie": {"executed_lines": [], "summary": {"covered_lines": 0, "num_statements": 12, "percent_covered": 0.0, "percent_covered_display": "0", "missing_lines": 12, "excluded_lines": 0}, "missing_lines": [113, 115, 116, 117, 118, 119, 122, 123, 124, 126, 137, 149], "excluded_lines": []}, "TimeframeCharts.create_participation_timeline": {"executed_lines": [], "summary": {"covered_lines": 0, "num_statements": 17, "percent_covered": 0.0, "percent_covered_display": "0", "missing_lines": 17, "excluded_lines": 0}, "missing_lines": [165, 166, 168, 169, 170, 172, 173, 175, 176, 177, 178, 181, 183, 185, 187, 196, 212], "excluded_lines": []}, "TimeframeCharts.create_timeframe_performance_analysis": {"executed_lines": [], "summary": {"covered_lines": 0, "num_statements": 37, "percent_covered": 0.0, "percent_covered_display": "0", "missing_lines": 37, "excluded_lines": 0}, "missing_lines": [228, 230, 231, 232, 233, 234, 235, 238, 249, 250, 251, 252, 254, 255, 256, 257, 258, 259, 262, 263, 274, 285, 296, 297, 298, 309, 310, 314, 315, 316, 317, 319, 320, 321, 322, 325, 332], "excluded_lines": []}, "TimeframeCharts.create_timeframe_correlation_matrix": {"executed_lines": [], "summary": {"covered_lines": 0, "num_statements": 12, "percent_covered": 0.0, "percent_covered_display": "0", "missing_lines": 12, "excluded_lines": 0}, "missing_lines": [348, 349, 350, 351, 352, 354, 355, 357, 360, 363, 376, 383], "excluded_lines": []}, "TimeframeCharts.save_all_charts": {"executed_lines": [], "summary": {"covered_lines": 0, "num_statements": 7, "percent_covered": 0.0, "percent_covered_display": "0", "missing_lines": 7, "excluded_lines": 0}, "missing_lines": [391, 392, 394, 395, 396, 401, 403], "excluded_lines": []}, "": {"executed_lines": [], "summary": {"covered_lines": 0, "num_statements": 18, "percent_covered": 0.0, "percent_covered_display": "0", "missing_lines": 18, "excluded_lines": 0}, "missing_lines": [8, 9, 10, 11, 12, 13, 14, 15, 17, 18, 20, 25, 35, 99, 151, 214, 334, 385], "excluded_lines": []}}, "classes": {"TimeframeCharts": {"executed_lines": [], "summary": {"covered_lines": 0, "num_statements": 101, "percent_covered": 0.0, "percent_covered_display": "0", "missing_lines": 101, "excluded_lines": 0}, "missing_lines": [27, 49, 50, 52, 53, 56, 57, 60, 61, 62, 63, 66, 68, 69, 80, 97, 113, 115, 116, 117, 118, 119, 122, 123, 124, 126, 137, 149, 165, 166, 168, 169, 170, 172, 173, 175, 176, 177, 178, 181, 183, 185, 187, 196, 212, 228, 230, 231, 232, 233, 234, 235, 238, 249, 250, 251, 252, 254, 255, 256, 257, 258, 259, 262, 263, 274, 285, 296, 297, 298, 309, 310, 314, 315, 316, 317, 319, 320, 321, 322, 325, 332, 348, 349, 350, 351, 352, 354, 355, 357, 360, 363, 376, 383, 391, 392, 394, 395, 396, 401, 403], "excluded_lines": []}, "": {"executed_lines": [], "summary": {"covered_lines": 0, "num_statements": 18, "percent_covered": 0.0, "percent_covered_display": "0", "missing_lines": 18, "excluded_lines": 0}, "missing_lines": [8, 9, 10, 11, 12, 13, 14, 15, 17, 18, 20, 25, 35, 99, 151, 214, 334, 385], "excluded_lines": []}}}, "src/visualization/trade_explorer.py": {"executed_lines": [], "summary": {"covered_lines": 0, "num_statements": 111, "percent_covered": 0.0, "percent_covered_display": "0", "missing_lines": 111, "excluded_lines": 0}, "missing_lines": [8, 9, 10, 11, 12, 13, 14, 15, 17, 18, 20, 25, 27, 28, 30, 46, 49, 50, 58, 59, 62, 63, 64, 65, 66, 67, 68, 69, 72, 73, 74, 77, 78, 79, 80, 81, 82, 83, 85, 86, 88, 91, 106, 112, 114, 129, 144, 145, 146, 149, 150, 152, 153, 165, 176, 188, 189, 198, 199, 200, 202, 213, 219, 221, 232, 243, 255, 262, 264, 279, 282, 283, 286, 289, 291, 300, 302, 308, 310, 323, 326, 338, 353, 366, 378, 379, 381, 393, 394, 396, 407, 408, 409, 410, 411, 412, 414, 421, 423, 425, 426, 428, 429, 431, 433, 435, 436, 437, 439, 449, 450], "excluded_lines": [], "functions": {"InteractiveTradeExplorer.__init__": {"executed_lines": [], "summary": {"covered_lines": 0, "num_statements": 2, "percent_covered": 0.0, "percent_covered_display": "0", "missing_lines": 2, "excluded_lines": 0}, "missing_lines": [27, 28], "excluded_lines": []}, "InteractiveTradeExplorer.create_trade_table": {"executed_lines": [], "summary": {"covered_lines": 0, "num_statements": 29, "percent_covered": 0.0, "percent_covered_display": "0", "missing_lines": 29, "excluded_lines": 0}, "missing_lines": [46, 49, 50, 58, 59, 62, 63, 64, 65, 66, 67, 68, 69, 72, 73, 74, 77, 78, 79, 80, 81, 82, 83, 85, 86, 88, 91, 106, 112], "excluded_lines": []}, "InteractiveTradeExplorer.create_trade_details_view": {"executed_lines": [], "summary": {"covered_lines": 0, "num_statements": 23, "percent_covered": 0.0, "percent_covered_display": "0", "missing_lines": 23, "excluded_lines": 0}, "missing_lines": [129, 144, 145, 146, 149, 150, 152, 153, 165, 176, 188, 189, 198, 199, 200, 202, 213, 219, 221, 232, 243, 255, 262], "excluded_lines": []}, "InteractiveTradeExplorer.create_trade_scatter_matrix": {"executed_lines": [], "summary": {"covered_lines": 0, "num_statements": 9, "percent_covered": 0.0, "percent_covered_display": "0", "missing_lines": 9, "excluded_lines": 0}, "missing_lines": [279, 282, 283, 286, 289, 291, 300, 302, 308], "excluded_lines": []}, "InteractiveTradeExplorer.create_trade_performance_summary": {"executed_lines": [], "summary": {"covered_lines": 0, "num_statements": 19, "percent_covered": 0.0, "percent_covered_display": "0", "missing_lines": 19, "excluded_lines": 0}, "missing_lines": [323, 326, 338, 353, 366, 378, 379, 381, 393, 394, 396, 407, 408, 409, 410, 411, 412, 414, 421], "excluded_lines": []}, "InteractiveTradeExplorer._calculate_profit_factor": {"executed_lines": [], "summary": {"covered_lines": 0, "num_statements": 5, "percent_covered": 0.0, "percent_covered_display": "0", "missing_lines": 5, "excluded_lines": 0}, "missing_lines": [425, 426, 428, 429, 431], "excluded_lines": []}, "InteractiveTradeExplorer.save_explorer": {"executed_lines": [], "summary": {"covered_lines": 0, "num_statements": 6, "percent_covered": 0.0, "percent_covered_display": "0", "missing_lines": 6, "excluded_lines": 0}, "missing_lines": [435, 436, 437, 439, 449, 450], "excluded_lines": []}, "": {"executed_lines": [], "summary": {"covered_lines": 0, "num_statements": 18, "percent_covered": 0.0, "percent_covered_display": "0", "missing_lines": 18, "excluded_lines": 0}, "missing_lines": [8, 9, 10, 11, 12, 13, 14, 15, 17, 18, 20, 25, 30, 114, 264, 310, 423, 433], "excluded_lines": []}}, "classes": {"InteractiveTradeExplorer": {"executed_lines": [], "summary": {"covered_lines": 0, "num_statements": 93, "percent_covered": 0.0, "percent_covered_display": "0", "missing_lines": 93, "excluded_lines": 0}, "missing_lines": [27, 28, 46, 49, 50, 58, 59, 62, 63, 64, 65, 66, 67, 68, 69, 72, 73, 74, 77, 78, 79, 80, 81, 82, 83, 85, 86, 88, 91, 106, 112, 129, 144, 145, 146, 149, 150, 152, 153, 165, 176, 188, 189, 198, 199, 200, 202, 213, 219, 221, 232, 243, 255, 262, 279, 282, 283, 286, 289, 291, 300, 302, 308, 323, 326, 338, 353, 366, 378, 379, 381, 393, 394, 396, 407, 408, 409, 410, 411, 412, 414, 421, 425, 426, 428, 429, 431, 435, 436, 437, 439, 449, 450], "excluded_lines": []}, "": {"executed_lines": [], "summary": {"covered_lines": 0, "num_statements": 18, "percent_covered": 0.0, "percent_covered_display": "0", "missing_lines": 18, "excluded_lines": 0}, "missing_lines": [8, 9, 10, 11, 12, 13, 14, 15, 17, 18, 20, 25, 30, 114, 264, 310, 423, 433], "excluded_lines": []}}}}, "totals": {"covered_lines": 1834, "num_statements": 22059, "percent_covered": 8.314066820798766, "percent_covered_display": "8", "missing_lines": 20225, "excluded_lines": 30}}